#
# A fatal error has been detected by the Java Runtime Environment:
#
#  EXCEPTION_ACCESS_VIOLATION (0xc0000005) at pc=0x00007ff8e4644525, pid=12080, tid=7088
#
# JRE version: OpenJDK Runtime Environment Temurin-11.0.16.1+1 (11.0.16.1+1) (build 11.0.16.1+1)
# Java VM: OpenJDK 64-Bit Server VM Temurin-11.0.16.1+1 (11.0.16.1+1, mixed mode, tiered, compressed oops, g1 gc, windows-amd64)
# Problematic frame:
# C  [jfxwebkit.dll+0xb4525]
#
# No core dump will be written. Minidumps are not enabled by default on client versions of Windows
#
# If you would like to submit a bug report, please visit:
#   https://github.com/adoptium/adoptium-support/issues
# The crash happened outside the Java Virtual Machine in native code.
# See problematic frame for where to report the bug.
#

---------------  S U M M A R Y ------------

Command Line: -javaagent:C:\Program Files\JetBrains\IntelliJ IDEA Community Edition 2022.2.3\lib\idea_rt.jar=60416:C:\Program Files\JetBrains\IntelliJ IDEA Community Edition 2022.2.3\bin -Dfile.encoding=UTF-8 --module-path=C:\Users\Bob\.m2\repository\org\openjfx\javafx-fxml\17.0.2\javafx-fxml-17.0.2-win.jar;C:\Users\Bob\IdeaProjects\browser\target\classes;C:\Users\Bob\.m2\repository\org\openjfx\javafx-web\11.0.2\javafx-web-11.0.2-win.jar;C:\Users\Bob\.m2\repository\org\openjfx\javafx-media\11.0.2\javafx-media-11.0.2-win.jar;C:\Users\Bob\.m2\repository\org\openjfx\javafx-graphics\17.0.2\javafx-graphics-17.0.2-win.jar;C:\Users\Bob\.m2\repository\org\controlsfx\controlsfx\11.1.1\controlsfx-11.1.1.jar;C:\Users\Bob\.m2\repository\org\openjfx\javafx-controls\17.0.2\javafx-controls-17.0.2-win.jar;C:\Users\Bob\.m2\repository\org\openjfx\javafx-base\17.0.2\javafx-base-17.0.2-win.jar -Djdk.module.main=com.example.browser com.example.browser/com.example.browser.HelloApplication

Host: Intel(R) Core(TM) i5-3210M CPU @ 2.50GHz, 4 cores, 15G,  Windows 10 , 64 bit Build 19041 (10.0.19041.1889)
Time: Sat Nov  5 12:45:09 2022  Windows 10 , 64 bit Build 19041 (10.0.19041.1889) elapsed time: 7.989283 seconds (0d 0h 0m 7s)

---------------  T H R E A D  ---------------

Current thread (0x0000029df41c8800):  JavaThread "JavaFX Application Thread" [_thread_in_native, id=7088, stack(0x000000cb42900000,0x000000cb42a00000)]

Stack: [0x000000cb42900000,0x000000cb42a00000],  sp=0x000000cb429fb920,  free space=1006k
Native frames: (J=compiled Java code, j=interpreted, Vv=VM code, C=native code)
C  [jfxwebkit.dll+0xb4525]

Java frames: (J=compiled Java code, j=interpreted, Vv=VM code)
j  com.sun.webkit.network.URLLoader.twkDidReceiveData(Ljava/nio/ByteBuffer;IIJ)V+0 javafx.web
j  com.sun.webkit.network.URLLoader.notifyDidReceiveData(Ljava/nio/ByteBuffer;II)V+62 javafx.web
j  com.sun.webkit.network.URLLoader.lambda$didReceiveData$4(Ljava/nio/ByteBuffer;Lcom/sun/webkit/network/ByteBufferAllocator;)V+17 javafx.web
j  com.sun.webkit.network.URLLoader$$Lambda$363.run()V+12 javafx.web
j  com.sun.javafx.application.PlatformImpl.lambda$runLater$10(Ljava/lang/Runnable;)Ljava/lang/Void;+1 javafx.graphics
j  com.sun.javafx.application.PlatformImpl$$Lambda$94.run()Ljava/lang/Object;+4 javafx.graphics
v  ~StubRoutines::call_stub
J 1945  java.security.AccessController.doPrivileged(Ljava/security/PrivilegedAction;Ljava/security/AccessControlContext;)Ljava/lang/Object; java.base@11.0.16.1 (0 bytes) @ 0x0000029ddfaacdb6 [0x0000029ddfaacd40+0x0000000000000076]
j  com.sun.javafx.application.PlatformImpl.lambda$runLater$11(Ljava/lang/Runnable;Ljava/security/AccessControlContext;)V+7 javafx.graphics
J 3614 c1 com.sun.javafx.application.PlatformImpl$$Lambda$93.run()V javafx.graphics (12 bytes) @ 0x0000029dd8b64cac [0x0000029dd8b64c40+0x000000000000006c]
j  com.sun.glass.ui.InvokeLaterDispatcher$Future.run()V+4 javafx.graphics
v  ~StubRoutines::call_stub
j  com.sun.glass.ui.win.WinApplication._runLoop(Ljava/lang/Runnable;)V+0 javafx.graphics
j  com.sun.glass.ui.win.WinApplication.lambda$runLoop$3(ILjava/lang/Runnable;)V+8 javafx.graphics
j  com.sun.glass.ui.win.WinApplication$$Lambda$82.run()V+12 javafx.graphics
j  java.lang.Thread.run()V+11 java.base@11.0.16.1
v  ~StubRoutines::call_stub

siginfo: EXCEPTION_ACCESS_VIOLATION (0xc0000005), writing address 0x0000000400001034


Register to memory mapping:

RIP=0x00007ff8e4644525 jfxwebkit.dll
RAX=0x0 is NULL
RBX=0x0000029df402fee8 points into unknown readable memory: 0x0000000000000000 | 00 00 00 00 00 00 00 00
RCX=0x0000029df402c000 points into unknown readable memory: 0x9f5f8147cfce9c10 | 10 9c ce cf 47 81 5f 9f
RDX=0x0000000000000005 is an unknown value
RSP=0x000000cb429fb920 is pointing into the stack for thread: 0x0000029df41c8800
RBP=0x0000000000000001 is an unknown value
RSI=0x0000029df402c000 points into unknown readable memory: 0x9f5f8147cfce9c10 | 10 9c ce cf 47 81 5f 9f
RDI=0x0000000400001034 is an unknown value
R8 =0x00000000f402f68d is an unknown value
R9 =0x0000029dfc9f4030 points into unknown readable memory: 0x000a17000000003a | 3a 00 00 00 00 17 0a 00
R10=0x0000029df59b27f8 points into unknown readable memory: 0x0000029df59b1648 | 48 16 9b f5 9d 02 00 00
R11=0x0000029df3c036d0 points into unknown readable memory: 0x0000001f00000020 | 20 00 00 00 1f 00 00 00
R12=0x0 is NULL
R13=0x0000000400001004 is an unknown value
R14=0x0000000000000005 is an unknown value
R15=0x0000029dfca86960 points into unknown readable memory: 0x0000029df3e7c440 | 40 c4 e7 f3 9d 02 00 00


Registers:
RAX=0x0000000000000000, RBX=0x0000029df402fee8, RCX=0x0000029df402c000, RDX=0x0000000000000005
RSP=0x000000cb429fb920, RBP=0x0000000000000001, RSI=0x0000029df402c000, RDI=0x0000000400001034
R8 =0x00000000f402f68d, R9 =0x0000029dfc9f4030, R10=0x0000029df59b27f8, R11=0x0000029df3c036d0
R12=0x0000000000000000, R13=0x0000000400001004, R14=0x0000000000000005, R15=0x0000029dfca86960
RIP=0x00007ff8e4644525, EFLAGS=0x0000000000010246

Top of Stack: (sp=0x000000cb429fb920)
0x000000cb429fb920:   0000029df40dbc30 00007ff8e46550f4
0x000000cb429fb930:   0000029dfc9f5890 0000029df40dbc30
0x000000cb429fb940:   0000029dc019d950 00000000000152d5
0x000000cb429fb950:   ffff000000000002 0000000000000000
0x000000cb429fb960:   0000029df402f050 00007ff8e47652e9
0x000000cb429fb970:   0000000000010059 00007ff93fb5dfab
0x000000cb429fb980:   0000029df40dbc30 0000029df402c000
0x000000cb429fb990:   0000000000000001 0000029df40dbcb3
0x000000cb429fb9a0:   0000029df40dbc30 0000029df43ebc00
0x000000cb429fb9b0:   0000029df5cc3870 000000cb429fbac8
0x000000cb429fb9c0:   0000000000000000 0000029df40dbc30
0x000000cb429fb9d0:   0000029df494eb50 00007ff8e4654ff8
0x000000cb429fb9e0:   0000029dfca968e0 0000029df402f050
0x000000cb429fb9f0:   0000029df6558720 0000029df43ebc00
0x000000cb429fba00:   0000029dfc9f5860 00007ff8e5e75c4e
0x000000cb429fba10:   0000b99607df2ee0 0000b99607df2e00 

Instructions: (pc=0x00007ff8e4644525)
0x00007ff8e4644425:   cc cc cc cc cc cc cc cc cc cc cc 40 53 48 83 ec
0x00007ff8e4644435:   20 4c 89 81 d0 3e 00 00 33 c0 48 89 91 d8 3e 00
0x00007ff8e4644445:   00 48 8b d9 89 81 e8 3e 00 00 33 d2 48 89 81 f0
0x00007ff8e4644455:   3e 00 00 41 b8 80 00 00 00 48 81 c1 f8 3e 00 00
0x00007ff8e4644465:   e8 18 6a a9 01 48 8d 8b 78 3f 00 00 33 d2 41 b8
0x00007ff8e4644475:   80 00 00 00 e8 04 6a a9 01 48 8b c3 48 83 c4 20
0x00007ff8e4644485:   5b c3 cc cc cc cc cc cc cc cc cc c2 00 00 cc cc
0x00007ff8e4644495:   cc cc cc cc cc cc cc cc cc cc cc 40 53 48 83 ec
0x00007ff8e46444a5:   40 48 89 74 24 60 48 8d 99 e8 3e 00 00 4c 89 74
0x00007ff8e46444b5:   24 28 44 8b f2 48 8b f1 48 85 db 74 22 8b 03 a8
0x00007ff8e46444c5:   01 75 14 44 8b c0 41 83 c8 01 41 83 c0 04 f0 44
0x00007ff8e46444d5:   0f b1 03 75 e8 eb 08 48 8b cb e8 ec 2d 83 01 44
0x00007ff8e46444e5:   3b b6 f0 3e 00 00 0f 84 2c 03 00 00 48 89 6c 24
0x00007ff8e46444f5:   50 bd 01 00 00 00 48 89 7c 24 68 4c 89 64 24 38
0x00007ff8e4644505:   4c 89 6c 24 30 4c 89 7c 24 20 4c 8b be d0 3e 00
0x00007ff8e4644515:   00 4d 8b 6f 30 49 8d 7d 30 48 85 ff 74 11 33 c0
0x00007ff8e4644525:   f0 40 0f b0 2f 74 08 48 8b cf e8 4c b9 82 01 48
0x00007ff8e4644535:   8b 86 d0 3e 00 00 45 33 e4 4d 8b 47 38 4d 8b c8
0x00007ff8e4644545:   49 c1 e9 05 48 8b 48 30 41 0f b6 c0 24 1f 48 8b
0x00007ff8e4644555:   51 58 0f b6 c8 42 8b 04 8a 0f a3 c8 72 45 48 8b
0x00007ff8e4644565:   86 d8 3e 00 00 8b 96 f0 3e 00 00 44 38 a0 98 00
0x00007ff8e4644575:   00 00 74 0e 39 a8 9c 00 00 00 41 8b cc 0f 95 c1
0x00007ff8e4644585:   eb 02 8b cd 84 c9 75 1b 85 d2 74 12 8d 42 01 b9
0x00007ff8e4644595:   02 00 00 00 85 c0 0f 44 c1 41 3b c6 75 05 45 32
0x00007ff8e46445a5:   ff eb 04 44 0f b6 fd 48 85 ff 74 13 40 0f b6 c5
0x00007ff8e46445b5:   f0 44 0f b0 27 74 08 48 8b cf e8 cc b8 82 01 45
0x00007ff8e46445c5:   84 ff 48 8d 8e f8 3e 00 00 4c 8b 7c 24 20 75 15
0x00007ff8e46445d5:   48 8b 86 d8 3e 00 00 8b 90 4c 01 00 00 39 96 f4
0x00007ff8e46445e5:   3e 00 00 75 12 33 d2 41 b8 80 00 00 00 e8 8b 68
0x00007ff8e46445f5:   a9 01 e9 a4 01 00 00 8b 01 89 86 78 3f 00 00 8b
0x00007ff8e4644605:   41 04 44 89 21 89 86 7c 3f 00 00 8b 41 08 44 89
0x00007ff8e4644615:   61 04 89 86 80 3f 00 00 8b 41 0c 44 89 61 08 89 


Stack slot to memory mapping:
stack at sp + 0 slots: 0x0000029df40dbc30 points into unknown readable memory: 0x0000029df5a52340 | 40 23 a5 f5 9d 02 00 00
stack at sp + 1 slots: 0x00007ff8e46550f4 jfxwebkit.dll
stack at sp + 2 slots: 0x0000029dfc9f5890 points into unknown readable memory: 0x020a17000000003a | 3a 00 00 00 00 17 0a 02
stack at sp + 3 slots: 0x0000029df40dbc30 points into unknown readable memory: 0x0000029df5a52340 | 40 23 a5 f5 9d 02 00 00
stack at sp + 4 slots: 0x0000029dc019d950 points into unknown readable memory: 0x0000000000000000 | 00 00 00 00 00 00 00 00
stack at sp + 5 slots: 0x00000000000152d5 is an unknown value
stack at sp + 6 slots: 0xffff000000000002 is an unknown value
stack at sp + 7 slots: 0x0 is NULL


---------------  P R O C E S S  ---------------

Threads class SMR info:
_java_thread_list=0x0000029df39b3270, length=43, elements={
0x0000029dcf7a0800, 0x0000029df2b4e800, 0x0000029df2b47000, 0x0000029df3421800,
0x0000029df3422800, 0x0000029df3424800, 0x0000029df3428000, 0x0000029df3431800,
0x0000029df34bb000, 0x0000029df2ad3000, 0x0000029df41b3800, 0x0000029df469a000,
0x0000029df41cb800, 0x0000029df41c8800, 0x0000029df5a82800, 0x0000029df460f800,
0x0000029df5e5b800, 0x0000029df642e000, 0x0000029df654f000, 0x0000029df466e800,
0x0000029df593f800, 0x0000029df466f800, 0x0000029df4672800, 0x0000029df4670800,
0x0000029df466e000, 0x0000029df4674800, 0x0000029df4672000, 0x0000029df4671000,
0x0000029df4113000, 0x0000029df410f000, 0x0000029df4110000, 0x0000029df4114000,
0x0000029df410e000, 0x0000029df4112800, 0x0000029df4111800, 0x0000029df4114800,
0x0000029df4110800, 0x0000029df4117000, 0x0000029df411b800, 0x0000029df411a800,
0x0000029df411c000, 0x0000029df4119800, 0x0000029df4116800
}

Java Threads: ( => current thread )
  0x0000029dcf7a0800 JavaThread "main" [_thread_blocked, id=17236, stack(0x000000cb41100000,0x000000cb41200000)]
  0x0000029df2b4e800 JavaThread "Reference Handler" daemon [_thread_blocked, id=16572, stack(0x000000cb41800000,0x000000cb41900000)]
  0x0000029df2b47000 JavaThread "Finalizer" daemon [_thread_blocked, id=2688, stack(0x000000cb41900000,0x000000cb41a00000)]
  0x0000029df3421800 JavaThread "Signal Dispatcher" daemon [_thread_blocked, id=11836, stack(0x000000cb41a00000,0x000000cb41b00000)]
  0x0000029df3422800 JavaThread "Attach Listener" daemon [_thread_blocked, id=17880, stack(0x000000cb41b00000,0x000000cb41c00000)]
  0x0000029df3424800 JavaThread "Service Thread" daemon [_thread_blocked, id=3840, stack(0x000000cb41c00000,0x000000cb41d00000)]
  0x0000029df3428000 JavaThread "C2 CompilerThread0" daemon [_thread_blocked, id=19608, stack(0x000000cb41d00000,0x000000cb41e00000)]
  0x0000029df3431800 JavaThread "C1 CompilerThread0" daemon [_thread_blocked, id=14492, stack(0x000000cb41e00000,0x000000cb41f00000)]
  0x0000029df34bb000 JavaThread "Sweeper thread" daemon [_thread_blocked, id=13560, stack(0x000000cb41f00000,0x000000cb42000000)]
  0x0000029df2ad3000 JavaThread "Common-Cleaner" daemon [_thread_blocked, id=5812, stack(0x000000cb42000000,0x000000cb42100000)]
  0x0000029df41b3800 JavaThread "Monitor Ctrl-Break" daemon [_thread_in_native, id=12256, stack(0x000000cb42200000,0x000000cb42300000)]
  0x0000029df469a000 JavaThread "QuantumRenderer-0" daemon [_thread_blocked, id=1136, stack(0x000000cb42700000,0x000000cb42800000)]
  0x0000029df41cb800 JavaThread "InvokeLaterDispatcher" daemon [_thread_blocked, id=20300, stack(0x000000cb42800000,0x000000cb42900000)]
=>0x0000029df41c8800 JavaThread "JavaFX Application Thread" [_thread_in_native, id=7088, stack(0x000000cb42900000,0x000000cb42a00000)]
  0x0000029df5a82800 JavaThread "Thread-1" daemon [_thread_in_native, id=5672, stack(0x000000cb42d00000,0x000000cb42e00000)]
  0x0000029df460f800 JavaThread "JavaFX-Launcher" [_thread_blocked, id=14588, stack(0x000000cb42e00000,0x000000cb42f00000)]
  0x0000029df5e5b800 JavaThread "Prism Font Disposer" daemon [_thread_blocked, id=11404, stack(0x000000cb42100000,0x000000cb42200000)]
  0x0000029df642e000 JavaThread "Disposer" daemon [_thread_blocked, id=6384, stack(0x000000cb42f00000,0x000000cb43000000)]
  0x0000029df654f000 JavaThread "Cleaner-0" daemon [_thread_blocked, id=5804, stack(0x000000cb43700000,0x000000cb43800000)]
  0x0000029df466e800 JavaThread "URL-Loader-1" daemon [_thread_blocked, id=16784, stack(0x000000cb43800000,0x000000cb43900000)]
  0x0000029df593f800 JavaThread "C2 CompilerThread1" daemon [_thread_blocked, id=4284, stack(0x000000cb43900000,0x000000cb43a00000)]
  0x0000029df466f800 JavaThread "Keep-Alive-Timer" daemon [_thread_blocked, id=9880, stack(0x000000cb43a00000,0x000000cb43b00000)]
  0x0000029df4672800 JavaThread "URL-Loader-2" daemon [_thread_blocked, id=16300, stack(0x000000cb43b00000,0x000000cb43c00000)]
  0x0000029df4670800 JavaThread "URL-Loader-3" daemon [_thread_blocked, id=18472, stack(0x000000cb43c00000,0x000000cb43d00000)]
  0x0000029df466e000 JavaThread "URL-Loader-4" daemon [_thread_blocked, id=4548, stack(0x000000cb43d00000,0x000000cb43e00000)]
  0x0000029df4674800 JavaThread "URL-Loader-5" daemon [_thread_blocked, id=13132, stack(0x000000cb43e00000,0x000000cb43f00000)]
  0x0000029df4672000 JavaThread "URL-Loader-6" daemon [_thread_blocked, id=10820, stack(0x000000cb43f00000,0x000000cb44000000)]
  0x0000029df4671000 JavaThread "URL-Loader-7" daemon [_thread_blocked, id=18552, stack(0x000000cb44000000,0x000000cb44100000)]
  0x0000029df4113000 JavaThread "Thread-3" daemon [_thread_in_native, id=14460, stack(0x000000cb44200000,0x000000cb44300000)]
  0x0000029df410f000 JavaThread "URL-Loader-8" daemon [_thread_blocked, id=20420, stack(0x000000cb44300000,0x000000cb44400000)]
  0x0000029df4110000 JavaThread "URL-Loader-9" daemon [_thread_blocked, id=6612, stack(0x000000cb44400000,0x000000cb44500000)]
  0x0000029df4114000 JavaThread "URL-Loader-10" daemon [_thread_blocked, id=13984, stack(0x000000cb44500000,0x000000cb44600000)]
  0x0000029df410e000 JavaThread "URL-Loader-11" daemon [_thread_blocked, id=14064, stack(0x000000cb44600000,0x000000cb44700000)]
  0x0000029df4112800 JavaThread "URL-Loader-12" daemon [_thread_blocked, id=15636, stack(0x000000cb44700000,0x000000cb44800000)]
  0x0000029df4111800 JavaThread "URL-Loader-13" daemon [_thread_blocked, id=16500, stack(0x000000cb44800000,0x000000cb44900000)]
  0x0000029df4114800 JavaThread "URL-Loader-14" daemon [_thread_blocked, id=11536, stack(0x000000cb44900000,0x000000cb44a00000)]
  0x0000029df4110800 JavaThread "URL-Loader-15" daemon [_thread_blocked, id=9044, stack(0x000000cb44a00000,0x000000cb44b00000)]
  0x0000029df4117000 JavaThread "URL-Loader-16" daemon [_thread_blocked, id=7392, stack(0x000000cb44b00000,0x000000cb44c00000)]
  0x0000029df411b800 JavaThread "URL-Loader-17" daemon [_thread_blocked, id=10596, stack(0x000000cb44d00000,0x000000cb44e00000)]
  0x0000029df411a800 JavaThread "URL-Loader-18" daemon [_thread_blocked, id=18668, stack(0x000000cb44e00000,0x000000cb44f00000)]
  0x0000029df411c000 JavaThread "URL-Loader-19" daemon [_thread_blocked, id=14156, stack(0x000000cb44f00000,0x000000cb45000000)]
  0x0000029df4119800 JavaThread "URL-Loader-20" daemon [_thread_blocked, id=7972, stack(0x000000cb45000000,0x000000cb45100000)]
  0x0000029df4116800 JavaThread "Keep-Alive-SocketCleaner" daemon [_thread_blocked, id=8896, stack(0x000000cb45100000,0x000000cb45200000)]

Other Threads:
  0x0000029df2b19000 VMThread "VM Thread" [stack: 0x000000cb41700000,0x000000cb41800000] [id=11524]
  0x0000029df39a1800 WatcherThread [stack: 0x000000cb42300000,0x000000cb42400000] [id=9172]
  0x0000029dcf7b9800 GCTaskThread "GC Thread#0" [stack: 0x000000cb41200000,0x000000cb41300000] [id=2328]
  0x0000029df402c800 GCTaskThread "GC Thread#1" [stack: 0x000000cb42400000,0x000000cb42500000] [id=14676]
  0x0000029df455e000 GCTaskThread "GC Thread#2" [stack: 0x000000cb42500000,0x000000cb42600000] [id=516]
  0x0000029df44f4000 GCTaskThread "GC Thread#3" [stack: 0x000000cb42600000,0x000000cb42700000] [id=16136]
  0x0000029dcf816800 ConcurrentGCThread "G1 Main Marker" [stack: 0x000000cb41300000,0x000000cb41400000] [id=4640]
  0x0000029dcf81a000 ConcurrentGCThread "G1 Conc#0" [stack: 0x000000cb41400000,0x000000cb41500000] [id=8360]
  0x0000029df29fe000 ConcurrentGCThread "G1 Refine#0" [stack: 0x000000cb41500000,0x000000cb41600000] [id=9624]
  0x0000029df2a00000 ConcurrentGCThread "G1 Young RemSet Sampling" [stack: 0x000000cb41600000,0x000000cb41700000] [id=6840]

Threads with active compile tasks:

VM state:not at safepoint (normal execution)

VM Mutex/Monitor currently owned by a thread: None

Heap address: 0x0000000701c00000, size: 4068 MB, Compressed Oops mode: Zero based, Oop shift amount: 3
Narrow klass base: 0x0000000800000000, Narrow klass shift: 0
Compressed class space size: 1073741824 Address: 0x0000000800000000

Heap:
 garbage-first heap   total 262144K, used 56677K [0x0000000701c00000, 0x0000000800000000)
  region size 1024K, 49 young (50176K), 5 survivors (5120K)
 Metaspace       used 32336K, capacity 33436K, committed 33712K, reserved 1079296K
  class space    used 3822K, capacity 4311K, committed 4352K, reserved 1048576K
Heap Regions: E=young(eden), S=young(survivor), O=old, HS=humongous(starts), HC=humongous(continues), CS=collection set, F=free, A=archive, TAMS=top-at-mark-start (previous, next)
|   0|0x0000000701c00000, 0x0000000701d00000, 0x0000000701d00000|100%| O|  |TAMS 0x0000000701c01a00, 0x0000000701c00000| Untracked 
|   1|0x0000000701d00000, 0x0000000701e00000, 0x0000000701e00000|100%|HS|  |TAMS 0x0000000701d00000, 0x0000000701d00000| Complete 
|   2|0x0000000701e00000, 0x0000000701f00000, 0x0000000701f00000|100%|HC|  |TAMS 0x0000000701e00000, 0x0000000701e00000| Complete 
|   3|0x0000000701f00000, 0x0000000702000000, 0x0000000702000000|100%| O|  |TAMS 0x0000000701f00000, 0x0000000701f00000| Untracked 
|   4|0x0000000702000000, 0x0000000702100000, 0x0000000702100000|100%| O|  |TAMS 0x0000000702000000, 0x0000000702000000| Untracked 
|   5|0x0000000702100000, 0x0000000702200000, 0x0000000702200000|100%| O|  |TAMS 0x0000000702100000, 0x0000000702100000| Untracked 
|   6|0x0000000702200000, 0x0000000702300000, 0x0000000702300000|100%| O|  |TAMS 0x0000000702200000, 0x0000000702200000| Untracked 
|   7|0x0000000702300000, 0x0000000702400000, 0x0000000702400000|100%| O|  |TAMS 0x0000000702300000, 0x0000000702300000| Untracked 
|   8|0x0000000702400000, 0x000000070247de00, 0x0000000702500000| 49%| O|  |TAMS 0x0000000702400000, 0x0000000702400000| Untracked 
|   9|0x0000000702500000, 0x0000000702500000, 0x0000000702600000|  0%| F|  |TAMS 0x0000000702500000, 0x0000000702500000| Untracked 
|  10|0x0000000702600000, 0x0000000702600000, 0x0000000702700000|  0%| F|  |TAMS 0x0000000702600000, 0x0000000702600000| Untracked 
|  11|0x0000000702700000, 0x0000000702700000, 0x0000000702800000|  0%| F|  |TAMS 0x0000000702700000, 0x0000000702700000| Untracked 
|  12|0x0000000702800000, 0x0000000702800000, 0x0000000702900000|  0%| F|  |TAMS 0x0000000702800000, 0x0000000702800000| Untracked 
|  13|0x0000000702900000, 0x0000000702900000, 0x0000000702a00000|  0%| F|  |TAMS 0x0000000702900000, 0x0000000702900000| Untracked 
|  14|0x0000000702a00000, 0x0000000702a00000, 0x0000000702b00000|  0%| F|  |TAMS 0x0000000702a00000, 0x0000000702a00000| Untracked 
|  15|0x0000000702b00000, 0x0000000702b00000, 0x0000000702c00000|  0%| F|  |TAMS 0x0000000702b00000, 0x0000000702b00000| Untracked 
|  16|0x0000000702c00000, 0x0000000702c00000, 0x0000000702d00000|  0%| F|  |TAMS 0x0000000702c00000, 0x0000000702c00000| Untracked 
|  17|0x0000000702d00000, 0x0000000702d00000, 0x0000000702e00000|  0%| F|  |TAMS 0x0000000702d00000, 0x0000000702d00000| Untracked 
|  18|0x0000000702e00000, 0x0000000702e00000, 0x0000000702f00000|  0%| F|  |TAMS 0x0000000702e00000, 0x0000000702e00000| Untracked 
|  19|0x0000000702f00000, 0x0000000702f00000, 0x0000000703000000|  0%| F|  |TAMS 0x0000000702f00000, 0x0000000702f00000| Untracked 
|  20|0x0000000703000000, 0x0000000703000000, 0x0000000703100000|  0%| F|  |TAMS 0x0000000703000000, 0x0000000703000000| Untracked 
|  21|0x0000000703100000, 0x0000000703100000, 0x0000000703200000|  0%| F|  |TAMS 0x0000000703100000, 0x0000000703100000| Untracked 
|  22|0x0000000703200000, 0x0000000703200000, 0x0000000703300000|  0%| F|  |TAMS 0x0000000703200000, 0x0000000703200000| Untracked 
|  23|0x0000000703300000, 0x0000000703300000, 0x0000000703400000|  0%| F|  |TAMS 0x0000000703300000, 0x0000000703300000| Untracked 
|  24|0x0000000703400000, 0x0000000703400000, 0x0000000703500000|  0%| F|  |TAMS 0x0000000703400000, 0x0000000703400000| Untracked 
|  25|0x0000000703500000, 0x0000000703500000, 0x0000000703600000|  0%| F|  |TAMS 0x0000000703500000, 0x0000000703500000| Untracked 
|  26|0x0000000703600000, 0x0000000703600000, 0x0000000703700000|  0%| F|  |TAMS 0x0000000703600000, 0x0000000703600000| Untracked 
|  27|0x0000000703700000, 0x0000000703700000, 0x0000000703800000|  0%| F|  |TAMS 0x0000000703700000, 0x0000000703700000| Untracked 
|  28|0x0000000703800000, 0x0000000703800000, 0x0000000703900000|  0%| F|  |TAMS 0x0000000703800000, 0x0000000703800000| Untracked 
|  29|0x0000000703900000, 0x0000000703900000, 0x0000000703a00000|  0%| F|  |TAMS 0x0000000703900000, 0x0000000703900000| Untracked 
|  30|0x0000000703a00000, 0x0000000703a00000, 0x0000000703b00000|  0%| F|  |TAMS 0x0000000703a00000, 0x0000000703a00000| Untracked 
|  31|0x0000000703b00000, 0x0000000703b00000, 0x0000000703c00000|  0%| F|  |TAMS 0x0000000703b00000, 0x0000000703b00000| Untracked 
|  32|0x0000000703c00000, 0x0000000703c00000, 0x0000000703d00000|  0%| F|  |TAMS 0x0000000703c00000, 0x0000000703c00000| Untracked 
|  33|0x0000000703d00000, 0x0000000703d00000, 0x0000000703e00000|  0%| F|  |TAMS 0x0000000703d00000, 0x0000000703d00000| Untracked 
|  34|0x0000000703e00000, 0x0000000703e00000, 0x0000000703f00000|  0%| F|  |TAMS 0x0000000703e00000, 0x0000000703e00000| Untracked 
|  35|0x0000000703f00000, 0x0000000703f00000, 0x0000000704000000|  0%| F|  |TAMS 0x0000000703f00000, 0x0000000703f00000| Untracked 
|  36|0x0000000704000000, 0x0000000704000000, 0x0000000704100000|  0%| F|  |TAMS 0x0000000704000000, 0x0000000704000000| Untracked 
|  37|0x0000000704100000, 0x0000000704100000, 0x0000000704200000|  0%| F|  |TAMS 0x0000000704100000, 0x0000000704100000| Untracked 
|  38|0x0000000704200000, 0x0000000704200000, 0x0000000704300000|  0%| F|  |TAMS 0x0000000704200000, 0x0000000704200000| Untracked 
|  39|0x0000000704300000, 0x0000000704300000, 0x0000000704400000|  0%| F|  |TAMS 0x0000000704300000, 0x0000000704300000| Untracked 
|  40|0x0000000704400000, 0x0000000704400000, 0x0000000704500000|  0%| F|  |TAMS 0x0000000704400000, 0x0000000704400000| Untracked 
|  41|0x0000000704500000, 0x0000000704500000, 0x0000000704600000|  0%| F|  |TAMS 0x0000000704500000, 0x0000000704500000| Untracked 
|  42|0x0000000704600000, 0x0000000704600000, 0x0000000704700000|  0%| F|  |TAMS 0x0000000704600000, 0x0000000704600000| Untracked 
|  43|0x0000000704700000, 0x0000000704700000, 0x0000000704800000|  0%| F|  |TAMS 0x0000000704700000, 0x0000000704700000| Untracked 
|  44|0x0000000704800000, 0x0000000704800000, 0x0000000704900000|  0%| F|  |TAMS 0x0000000704800000, 0x0000000704800000| Untracked 
|  45|0x0000000704900000, 0x0000000704900000, 0x0000000704a00000|  0%| F|  |TAMS 0x0000000704900000, 0x0000000704900000| Untracked 
|  46|0x0000000704a00000, 0x0000000704a00000, 0x0000000704b00000|  0%| F|  |TAMS 0x0000000704a00000, 0x0000000704a00000| Untracked 
|  47|0x0000000704b00000, 0x0000000704b00000, 0x0000000704c00000|  0%| F|  |TAMS 0x0000000704b00000, 0x0000000704b00000| Untracked 
|  48|0x0000000704c00000, 0x0000000704c00000, 0x0000000704d00000|  0%| F|  |TAMS 0x0000000704c00000, 0x0000000704c00000| Untracked 
|  49|0x0000000704d00000, 0x0000000704d00000, 0x0000000704e00000|  0%| F|  |TAMS 0x0000000704d00000, 0x0000000704d00000| Untracked 
|  50|0x0000000704e00000, 0x0000000704e00000, 0x0000000704f00000|  0%| F|  |TAMS 0x0000000704e00000, 0x0000000704e00000| Untracked 
|  51|0x0000000704f00000, 0x0000000704f00000, 0x0000000705000000|  0%| F|  |TAMS 0x0000000704f00000, 0x0000000704f00000| Untracked 
|  52|0x0000000705000000, 0x0000000705000000, 0x0000000705100000|  0%| F|  |TAMS 0x0000000705000000, 0x0000000705000000| Untracked 
|  53|0x0000000705100000, 0x0000000705100000, 0x0000000705200000|  0%| F|  |TAMS 0x0000000705100000, 0x0000000705100000| Untracked 
|  54|0x0000000705200000, 0x0000000705200000, 0x0000000705300000|  0%| F|  |TAMS 0x0000000705200000, 0x0000000705200000| Untracked 
|  55|0x0000000705300000, 0x0000000705300000, 0x0000000705400000|  0%| F|  |TAMS 0x0000000705300000, 0x0000000705300000| Untracked 
|  56|0x0000000705400000, 0x0000000705400000, 0x0000000705500000|  0%| F|  |TAMS 0x0000000705400000, 0x0000000705400000| Untracked 
|  57|0x0000000705500000, 0x0000000705500000, 0x0000000705600000|  0%| F|  |TAMS 0x0000000705500000, 0x0000000705500000| Untracked 
|  58|0x0000000705600000, 0x0000000705600000, 0x0000000705700000|  0%| F|  |TAMS 0x0000000705600000, 0x0000000705600000| Untracked 
|  59|0x0000000705700000, 0x0000000705700000, 0x0000000705800000|  0%| F|  |TAMS 0x0000000705700000, 0x0000000705700000| Untracked 
|  60|0x0000000705800000, 0x0000000705800000, 0x0000000705900000|  0%| F|  |TAMS 0x0000000705800000, 0x0000000705800000| Untracked 
|  61|0x0000000705900000, 0x0000000705900000, 0x0000000705a00000|  0%| F|  |TAMS 0x0000000705900000, 0x0000000705900000| Untracked 
|  62|0x0000000705a00000, 0x0000000705a00000, 0x0000000705b00000|  0%| F|  |TAMS 0x0000000705a00000, 0x0000000705a00000| Untracked 
|  63|0x0000000705b00000, 0x0000000705b00000, 0x0000000705c00000|  0%| F|  |TAMS 0x0000000705b00000, 0x0000000705b00000| Untracked 
|  64|0x0000000705c00000, 0x0000000705c00000, 0x0000000705d00000|  0%| F|  |TAMS 0x0000000705c00000, 0x0000000705c00000| Untracked 
|  65|0x0000000705d00000, 0x0000000705d00000, 0x0000000705e00000|  0%| F|  |TAMS 0x0000000705d00000, 0x0000000705d00000| Untracked 
|  66|0x0000000705e00000, 0x0000000705e00000, 0x0000000705f00000|  0%| F|  |TAMS 0x0000000705e00000, 0x0000000705e00000| Untracked 
|  67|0x0000000705f00000, 0x0000000705f00000, 0x0000000706000000|  0%| F|  |TAMS 0x0000000705f00000, 0x0000000705f00000| Untracked 
|  68|0x0000000706000000, 0x0000000706000000, 0x0000000706100000|  0%| F|  |TAMS 0x0000000706000000, 0x0000000706000000| Untracked 
|  69|0x0000000706100000, 0x0000000706100000, 0x0000000706200000|  0%| F|  |TAMS 0x0000000706100000, 0x0000000706100000| Untracked 
|  70|0x0000000706200000, 0x0000000706200000, 0x0000000706300000|  0%| F|  |TAMS 0x0000000706200000, 0x0000000706200000| Untracked 
|  71|0x0000000706300000, 0x0000000706300000, 0x0000000706400000|  0%| F|  |TAMS 0x0000000706300000, 0x0000000706300000| Untracked 
|  72|0x0000000706400000, 0x0000000706400000, 0x0000000706500000|  0%| F|  |TAMS 0x0000000706400000, 0x0000000706400000| Untracked 
|  73|0x0000000706500000, 0x0000000706500000, 0x0000000706600000|  0%| F|  |TAMS 0x0000000706500000, 0x0000000706500000| Untracked 
|  74|0x0000000706600000, 0x0000000706600000, 0x0000000706700000|  0%| F|  |TAMS 0x0000000706600000, 0x0000000706600000| Untracked 
|  75|0x0000000706700000, 0x0000000706700000, 0x0000000706800000|  0%| F|  |TAMS 0x0000000706700000, 0x0000000706700000| Untracked 
|  76|0x0000000706800000, 0x0000000706800000, 0x0000000706900000|  0%| F|  |TAMS 0x0000000706800000, 0x0000000706800000| Untracked 
|  77|0x0000000706900000, 0x0000000706900000, 0x0000000706a00000|  0%| F|  |TAMS 0x0000000706900000, 0x0000000706900000| Untracked 
|  78|0x0000000706a00000, 0x0000000706a00000, 0x0000000706b00000|  0%| F|  |TAMS 0x0000000706a00000, 0x0000000706a00000| Untracked 
|  79|0x0000000706b00000, 0x0000000706b00000, 0x0000000706c00000|  0%| F|  |TAMS 0x0000000706b00000, 0x0000000706b00000| Untracked 
|  80|0x0000000706c00000, 0x0000000706c00000, 0x0000000706d00000|  0%| F|  |TAMS 0x0000000706c00000, 0x0000000706c00000| Untracked 
|  81|0x0000000706d00000, 0x0000000706d00000, 0x0000000706e00000|  0%| F|  |TAMS 0x0000000706d00000, 0x0000000706d00000| Untracked 
|  82|0x0000000706e00000, 0x0000000706e00000, 0x0000000706f00000|  0%| F|  |TAMS 0x0000000706e00000, 0x0000000706e00000| Untracked 
|  83|0x0000000706f00000, 0x0000000706f00000, 0x0000000707000000|  0%| F|  |TAMS 0x0000000706f00000, 0x0000000706f00000| Untracked 
|  84|0x0000000707000000, 0x0000000707000000, 0x0000000707100000|  0%| F|  |TAMS 0x0000000707000000, 0x0000000707000000| Untracked 
|  85|0x0000000707100000, 0x0000000707100000, 0x0000000707200000|  0%| F|  |TAMS 0x0000000707100000, 0x0000000707100000| Untracked 
|  86|0x0000000707200000, 0x0000000707200000, 0x0000000707300000|  0%| F|  |TAMS 0x0000000707200000, 0x0000000707200000| Untracked 
|  87|0x0000000707300000, 0x0000000707300000, 0x0000000707400000|  0%| F|  |TAMS 0x0000000707300000, 0x0000000707300000| Untracked 
|  88|0x0000000707400000, 0x0000000707400000, 0x0000000707500000|  0%| F|  |TAMS 0x0000000707400000, 0x0000000707400000| Untracked 
|  89|0x0000000707500000, 0x0000000707500000, 0x0000000707600000|  0%| F|  |TAMS 0x0000000707500000, 0x0000000707500000| Untracked 
|  90|0x0000000707600000, 0x0000000707600000, 0x0000000707700000|  0%| F|  |TAMS 0x0000000707600000, 0x0000000707600000| Untracked 
|  91|0x0000000707700000, 0x0000000707700000, 0x0000000707800000|  0%| F|  |TAMS 0x0000000707700000, 0x0000000707700000| Untracked 
|  92|0x0000000707800000, 0x0000000707800000, 0x0000000707900000|  0%| F|  |TAMS 0x0000000707800000, 0x0000000707800000| Untracked 
|  93|0x0000000707900000, 0x0000000707900000, 0x0000000707a00000|  0%| F|  |TAMS 0x0000000707900000, 0x0000000707900000| Untracked 
|  94|0x0000000707a00000, 0x0000000707a00000, 0x0000000707b00000|  0%| F|  |TAMS 0x0000000707a00000, 0x0000000707a00000| Untracked 
|  95|0x0000000707b00000, 0x0000000707b00000, 0x0000000707c00000|  0%| F|  |TAMS 0x0000000707b00000, 0x0000000707b00000| Untracked 
|  96|0x0000000707c00000, 0x0000000707c00000, 0x0000000707d00000|  0%| F|  |TAMS 0x0000000707c00000, 0x0000000707c00000| Untracked 
|  97|0x0000000707d00000, 0x0000000707d00000, 0x0000000707e00000|  0%| F|  |TAMS 0x0000000707d00000, 0x0000000707d00000| Untracked 
|  98|0x0000000707e00000, 0x0000000707e00000, 0x0000000707f00000|  0%| F|  |TAMS 0x0000000707e00000, 0x0000000707e00000| Untracked 
|  99|0x0000000707f00000, 0x0000000707f00000, 0x0000000708000000|  0%| F|  |TAMS 0x0000000707f00000, 0x0000000707f00000| Untracked 
| 100|0x0000000708000000, 0x0000000708000000, 0x0000000708100000|  0%| F|  |TAMS 0x0000000708000000, 0x0000000708000000| Untracked 
| 101|0x0000000708100000, 0x0000000708100000, 0x0000000708200000|  0%| F|  |TAMS 0x0000000708100000, 0x0000000708100000| Untracked 
| 102|0x0000000708200000, 0x0000000708200000, 0x0000000708300000|  0%| F|  |TAMS 0x0000000708200000, 0x0000000708200000| Untracked 
| 103|0x0000000708300000, 0x0000000708300000, 0x0000000708400000|  0%| F|  |TAMS 0x0000000708300000, 0x0000000708300000| Untracked 
| 104|0x0000000708400000, 0x0000000708400000, 0x0000000708500000|  0%| F|  |TAMS 0x0000000708400000, 0x0000000708400000| Untracked 
| 105|0x0000000708500000, 0x0000000708500000, 0x0000000708600000|  0%| F|  |TAMS 0x0000000708500000, 0x0000000708500000| Untracked 
| 106|0x0000000708600000, 0x0000000708600000, 0x0000000708700000|  0%| F|  |TAMS 0x0000000708600000, 0x0000000708600000| Untracked 
| 107|0x0000000708700000, 0x0000000708700000, 0x0000000708800000|  0%| F|  |TAMS 0x0000000708700000, 0x0000000708700000| Untracked 
| 108|0x0000000708800000, 0x0000000708800000, 0x0000000708900000|  0%| F|  |TAMS 0x0000000708800000, 0x0000000708800000| Untracked 
| 109|0x0000000708900000, 0x0000000708900000, 0x0000000708a00000|  0%| F|  |TAMS 0x0000000708900000, 0x0000000708900000| Untracked 
| 110|0x0000000708a00000, 0x0000000708a00000, 0x0000000708b00000|  0%| F|  |TAMS 0x0000000708a00000, 0x0000000708a00000| Untracked 
| 111|0x0000000708b00000, 0x0000000708b00000, 0x0000000708c00000|  0%| F|  |TAMS 0x0000000708b00000, 0x0000000708b00000| Untracked 
| 112|0x0000000708c00000, 0x0000000708c00000, 0x0000000708d00000|  0%| F|  |TAMS 0x0000000708c00000, 0x0000000708c00000| Untracked 
| 113|0x0000000708d00000, 0x0000000708d00000, 0x0000000708e00000|  0%| F|  |TAMS 0x0000000708d00000, 0x0000000708d00000| Untracked 
| 114|0x0000000708e00000, 0x0000000708e00000, 0x0000000708f00000|  0%| F|  |TAMS 0x0000000708e00000, 0x0000000708e00000| Untracked 
| 115|0x0000000708f00000, 0x0000000708f00000, 0x0000000709000000|  0%| F|  |TAMS 0x0000000708f00000, 0x0000000708f00000| Untracked 
| 116|0x0000000709000000, 0x0000000709000000, 0x0000000709100000|  0%| F|  |TAMS 0x0000000709000000, 0x0000000709000000| Untracked 
| 117|0x0000000709100000, 0x0000000709100000, 0x0000000709200000|  0%| F|  |TAMS 0x0000000709100000, 0x0000000709100000| Untracked 
| 118|0x0000000709200000, 0x0000000709200000, 0x0000000709300000|  0%| F|  |TAMS 0x0000000709200000, 0x0000000709200000| Untracked 
| 119|0x0000000709300000, 0x0000000709300000, 0x0000000709400000|  0%| F|  |TAMS 0x0000000709300000, 0x0000000709300000| Untracked 
| 120|0x0000000709400000, 0x0000000709400000, 0x0000000709500000|  0%| F|  |TAMS 0x0000000709400000, 0x0000000709400000| Untracked 
| 121|0x0000000709500000, 0x0000000709500000, 0x0000000709600000|  0%| F|  |TAMS 0x0000000709500000, 0x0000000709500000| Untracked 
| 122|0x0000000709600000, 0x0000000709600000, 0x0000000709700000|  0%| F|  |TAMS 0x0000000709600000, 0x0000000709600000| Untracked 
| 123|0x0000000709700000, 0x0000000709700000, 0x0000000709800000|  0%| F|  |TAMS 0x0000000709700000, 0x0000000709700000| Untracked 
| 124|0x0000000709800000, 0x0000000709800000, 0x0000000709900000|  0%| F|  |TAMS 0x0000000709800000, 0x0000000709800000| Untracked 
| 125|0x0000000709900000, 0x0000000709900000, 0x0000000709a00000|  0%| F|  |TAMS 0x0000000709900000, 0x0000000709900000| Untracked 
| 126|0x0000000709a00000, 0x0000000709a00000, 0x0000000709b00000|  0%| F|  |TAMS 0x0000000709a00000, 0x0000000709a00000| Untracked 
| 127|0x0000000709b00000, 0x0000000709b00000, 0x0000000709c00000|  0%| F|  |TAMS 0x0000000709b00000, 0x0000000709b00000| Untracked 
| 128|0x0000000709c00000, 0x0000000709c00000, 0x0000000709d00000|  0%| F|  |TAMS 0x0000000709c00000, 0x0000000709c00000| Untracked 
| 129|0x0000000709d00000, 0x0000000709d00000, 0x0000000709e00000|  0%| F|  |TAMS 0x0000000709d00000, 0x0000000709d00000| Untracked 
| 130|0x0000000709e00000, 0x0000000709e00000, 0x0000000709f00000|  0%| F|  |TAMS 0x0000000709e00000, 0x0000000709e00000| Untracked 
| 131|0x0000000709f00000, 0x0000000709f00000, 0x000000070a000000|  0%| F|  |TAMS 0x0000000709f00000, 0x0000000709f00000| Untracked 
| 132|0x000000070a000000, 0x000000070a000000, 0x000000070a100000|  0%| F|  |TAMS 0x000000070a000000, 0x000000070a000000| Untracked 
| 133|0x000000070a100000, 0x000000070a100000, 0x000000070a200000|  0%| F|  |TAMS 0x000000070a100000, 0x000000070a100000| Untracked 
| 134|0x000000070a200000, 0x000000070a200000, 0x000000070a300000|  0%| F|  |TAMS 0x000000070a200000, 0x000000070a200000| Untracked 
| 135|0x000000070a300000, 0x000000070a300000, 0x000000070a400000|  0%| F|  |TAMS 0x000000070a300000, 0x000000070a300000| Untracked 
| 136|0x000000070a400000, 0x000000070a400000, 0x000000070a500000|  0%| F|  |TAMS 0x000000070a400000, 0x000000070a400000| Untracked 
| 137|0x000000070a500000, 0x000000070a500000, 0x000000070a600000|  0%| F|  |TAMS 0x000000070a500000, 0x000000070a500000| Untracked 
| 138|0x000000070a600000, 0x000000070a600000, 0x000000070a700000|  0%| F|  |TAMS 0x000000070a600000, 0x000000070a600000| Untracked 
| 139|0x000000070a700000, 0x000000070a700000, 0x000000070a800000|  0%| F|  |TAMS 0x000000070a700000, 0x000000070a700000| Untracked 
| 140|0x000000070a800000, 0x000000070a800000, 0x000000070a900000|  0%| F|  |TAMS 0x000000070a800000, 0x000000070a800000| Untracked 
| 141|0x000000070a900000, 0x000000070a900000, 0x000000070aa00000|  0%| F|  |TAMS 0x000000070a900000, 0x000000070a900000| Untracked 
| 142|0x000000070aa00000, 0x000000070aa00000, 0x000000070ab00000|  0%| F|  |TAMS 0x000000070aa00000, 0x000000070aa00000| Untracked 
| 143|0x000000070ab00000, 0x000000070ab00000, 0x000000070ac00000|  0%| F|  |TAMS 0x000000070ab00000, 0x000000070ab00000| Untracked 
| 144|0x000000070ac00000, 0x000000070ac00000, 0x000000070ad00000|  0%| F|  |TAMS 0x000000070ac00000, 0x000000070ac00000| Untracked 
| 145|0x000000070ad00000, 0x000000070ad00000, 0x000000070ae00000|  0%| F|  |TAMS 0x000000070ad00000, 0x000000070ad00000| Untracked 
| 146|0x000000070ae00000, 0x000000070ae00000, 0x000000070af00000|  0%| F|  |TAMS 0x000000070ae00000, 0x000000070ae00000| Untracked 
| 147|0x000000070af00000, 0x000000070af00000, 0x000000070b000000|  0%| F|  |TAMS 0x000000070af00000, 0x000000070af00000| Untracked 
| 148|0x000000070b000000, 0x000000070b000000, 0x000000070b100000|  0%| F|  |TAMS 0x000000070b000000, 0x000000070b000000| Untracked 
| 149|0x000000070b100000, 0x000000070b100000, 0x000000070b200000|  0%| F|  |TAMS 0x000000070b100000, 0x000000070b100000| Untracked 
| 150|0x000000070b200000, 0x000000070b200000, 0x000000070b300000|  0%| F|  |TAMS 0x000000070b200000, 0x000000070b200000| Untracked 
| 151|0x000000070b300000, 0x000000070b300000, 0x000000070b400000|  0%| F|  |TAMS 0x000000070b300000, 0x000000070b300000| Untracked 
| 152|0x000000070b400000, 0x000000070b400000, 0x000000070b500000|  0%| F|  |TAMS 0x000000070b400000, 0x000000070b400000| Untracked 
| 153|0x000000070b500000, 0x000000070b500000, 0x000000070b600000|  0%| F|  |TAMS 0x000000070b500000, 0x000000070b500000| Untracked 
| 154|0x000000070b600000, 0x000000070b600000, 0x000000070b700000|  0%| F|  |TAMS 0x000000070b600000, 0x000000070b600000| Untracked 
| 155|0x000000070b700000, 0x000000070b700000, 0x000000070b800000|  0%| F|  |TAMS 0x000000070b700000, 0x000000070b700000| Untracked 
| 156|0x000000070b800000, 0x000000070b800000, 0x000000070b900000|  0%| F|  |TAMS 0x000000070b800000, 0x000000070b800000| Untracked 
| 157|0x000000070b900000, 0x000000070b900000, 0x000000070ba00000|  0%| F|  |TAMS 0x000000070b900000, 0x000000070b900000| Untracked 
| 158|0x000000070ba00000, 0x000000070ba00000, 0x000000070bb00000|  0%| F|  |TAMS 0x000000070ba00000, 0x000000070ba00000| Untracked 
| 159|0x000000070bb00000, 0x000000070bb00000, 0x000000070bc00000|  0%| F|  |TAMS 0x000000070bb00000, 0x000000070bb00000| Untracked 
| 160|0x000000070bc00000, 0x000000070bc00000, 0x000000070bd00000|  0%| F|  |TAMS 0x000000070bc00000, 0x000000070bc00000| Untracked 
| 161|0x000000070bd00000, 0x000000070bd00000, 0x000000070be00000|  0%| F|  |TAMS 0x000000070bd00000, 0x000000070bd00000| Untracked 
| 162|0x000000070be00000, 0x000000070be00000, 0x000000070bf00000|  0%| F|  |TAMS 0x000000070be00000, 0x000000070be00000| Untracked 
| 163|0x000000070bf00000, 0x000000070bf00000, 0x000000070c000000|  0%| F|  |TAMS 0x000000070bf00000, 0x000000070bf00000| Untracked 
| 164|0x000000070c000000, 0x000000070c000000, 0x000000070c100000|  0%| F|  |TAMS 0x000000070c000000, 0x000000070c000000| Untracked 
| 165|0x000000070c100000, 0x000000070c100000, 0x000000070c200000|  0%| F|  |TAMS 0x000000070c100000, 0x000000070c100000| Untracked 
| 166|0x000000070c200000, 0x000000070c200000, 0x000000070c300000|  0%| F|  |TAMS 0x000000070c200000, 0x000000070c200000| Untracked 
| 167|0x000000070c300000, 0x000000070c300000, 0x000000070c400000|  0%| F|  |TAMS 0x000000070c300000, 0x000000070c300000| Untracked 
| 168|0x000000070c400000, 0x000000070c400000, 0x000000070c500000|  0%| F|  |TAMS 0x000000070c400000, 0x000000070c400000| Untracked 
| 169|0x000000070c500000, 0x000000070c500000, 0x000000070c600000|  0%| F|  |TAMS 0x000000070c500000, 0x000000070c500000| Untracked 
| 170|0x000000070c600000, 0x000000070c600000, 0x000000070c700000|  0%| F|  |TAMS 0x000000070c600000, 0x000000070c600000| Untracked 
| 171|0x000000070c700000, 0x000000070c700000, 0x000000070c800000|  0%| F|  |TAMS 0x000000070c700000, 0x000000070c700000| Untracked 
| 172|0x000000070c800000, 0x000000070c800000, 0x000000070c900000|  0%| F|  |TAMS 0x000000070c800000, 0x000000070c800000| Untracked 
| 173|0x000000070c900000, 0x000000070c900000, 0x000000070ca00000|  0%| F|  |TAMS 0x000000070c900000, 0x000000070c900000| Untracked 
| 174|0x000000070ca00000, 0x000000070ca00000, 0x000000070cb00000|  0%| F|  |TAMS 0x000000070ca00000, 0x000000070ca00000| Untracked 
| 175|0x000000070cb00000, 0x000000070cb00000, 0x000000070cc00000|  0%| F|  |TAMS 0x000000070cb00000, 0x000000070cb00000| Untracked 
| 176|0x000000070cc00000, 0x000000070cc00000, 0x000000070cd00000|  0%| F|  |TAMS 0x000000070cc00000, 0x000000070cc00000| Untracked 
| 177|0x000000070cd00000, 0x000000070cd00000, 0x000000070ce00000|  0%| F|  |TAMS 0x000000070cd00000, 0x000000070cd00000| Untracked 
| 178|0x000000070ce00000, 0x000000070ce00000, 0x000000070cf00000|  0%| F|  |TAMS 0x000000070ce00000, 0x000000070ce00000| Untracked 
| 179|0x000000070cf00000, 0x000000070cf00000, 0x000000070d000000|  0%| F|  |TAMS 0x000000070cf00000, 0x000000070cf00000| Untracked 
| 180|0x000000070d000000, 0x000000070d000000, 0x000000070d100000|  0%| F|  |TAMS 0x000000070d000000, 0x000000070d000000| Untracked 
| 181|0x000000070d100000, 0x000000070d100000, 0x000000070d200000|  0%| F|  |TAMS 0x000000070d100000, 0x000000070d100000| Untracked 
| 182|0x000000070d200000, 0x000000070d200000, 0x000000070d300000|  0%| F|  |TAMS 0x000000070d200000, 0x000000070d200000| Untracked 
| 183|0x000000070d300000, 0x000000070d300000, 0x000000070d400000|  0%| F|  |TAMS 0x000000070d300000, 0x000000070d300000| Untracked 
| 184|0x000000070d400000, 0x000000070d400000, 0x000000070d500000|  0%| F|  |TAMS 0x000000070d400000, 0x000000070d400000| Untracked 
| 185|0x000000070d500000, 0x000000070d500000, 0x000000070d600000|  0%| F|  |TAMS 0x000000070d500000, 0x000000070d500000| Untracked 
| 186|0x000000070d600000, 0x000000070d600000, 0x000000070d700000|  0%| F|  |TAMS 0x000000070d600000, 0x000000070d600000| Untracked 
| 187|0x000000070d700000, 0x000000070d700000, 0x000000070d800000|  0%| F|  |TAMS 0x000000070d700000, 0x000000070d700000| Untracked 
| 188|0x000000070d800000, 0x000000070d800000, 0x000000070d900000|  0%| F|  |TAMS 0x000000070d800000, 0x000000070d800000| Untracked 
| 189|0x000000070d900000, 0x000000070d900000, 0x000000070da00000|  0%| F|  |TAMS 0x000000070d900000, 0x000000070d900000| Untracked 
| 190|0x000000070da00000, 0x000000070da00000, 0x000000070db00000|  0%| F|  |TAMS 0x000000070da00000, 0x000000070da00000| Untracked 
| 191|0x000000070db00000, 0x000000070db00000, 0x000000070dc00000|  0%| F|  |TAMS 0x000000070db00000, 0x000000070db00000| Untracked 
| 192|0x000000070dc00000, 0x000000070dc00000, 0x000000070dd00000|  0%| F|  |TAMS 0x000000070dc00000, 0x000000070dc00000| Untracked 
| 193|0x000000070dd00000, 0x000000070dd00000, 0x000000070de00000|  0%| F|  |TAMS 0x000000070dd00000, 0x000000070dd00000| Untracked 
| 194|0x000000070de00000, 0x000000070de00000, 0x000000070df00000|  0%| F|  |TAMS 0x000000070de00000, 0x000000070de00000| Untracked 
| 195|0x000000070df00000, 0x000000070df00000, 0x000000070e000000|  0%| F|  |TAMS 0x000000070df00000, 0x000000070df00000| Untracked 
| 196|0x000000070e000000, 0x000000070e000000, 0x000000070e100000|  0%| F|  |TAMS 0x000000070e000000, 0x000000070e000000| Untracked 
| 197|0x000000070e100000, 0x000000070e100000, 0x000000070e200000|  0%| F|  |TAMS 0x000000070e100000, 0x000000070e100000| Untracked 
| 198|0x000000070e200000, 0x000000070e200000, 0x000000070e300000|  0%| F|  |TAMS 0x000000070e200000, 0x000000070e200000| Untracked 
| 199|0x000000070e300000, 0x000000070e300000, 0x000000070e400000|  0%| F|  |TAMS 0x000000070e300000, 0x000000070e300000| Untracked 
| 200|0x000000070e400000, 0x000000070e400000, 0x000000070e500000|  0%| F|  |TAMS 0x000000070e400000, 0x000000070e400000| Untracked 
| 201|0x000000070e500000, 0x000000070e500000, 0x000000070e600000|  0%| F|  |TAMS 0x000000070e500000, 0x000000070e500000| Untracked 
| 202|0x000000070e600000, 0x000000070e600000, 0x000000070e700000|  0%| F|  |TAMS 0x000000070e600000, 0x000000070e600000| Untracked 
| 203|0x000000070e700000, 0x000000070e7db6a0, 0x000000070e800000| 85%| S|CS|TAMS 0x000000070e700000, 0x000000070e700000| Complete 
| 204|0x000000070e800000, 0x000000070e900000, 0x000000070e900000|100%| S|CS|TAMS 0x000000070e800000, 0x000000070e800000| Complete 
| 205|0x000000070e900000, 0x000000070ea00000, 0x000000070ea00000|100%| S|CS|TAMS 0x000000070e900000, 0x000000070e900000| Complete 
| 206|0x000000070ea00000, 0x000000070eb00000, 0x000000070eb00000|100%| S|CS|TAMS 0x000000070ea00000, 0x000000070ea00000| Complete 
| 207|0x000000070eb00000, 0x000000070ec00000, 0x000000070ec00000|100%| S|CS|TAMS 0x000000070eb00000, 0x000000070eb00000| Complete 
| 208|0x000000070ec00000, 0x000000070ec00000, 0x000000070ed00000|  0%| F|  |TAMS 0x000000070ec00000, 0x000000070ec00000| Untracked 
| 209|0x000000070ed00000, 0x000000070ed00000, 0x000000070ee00000|  0%| F|  |TAMS 0x000000070ed00000, 0x000000070ed00000| Untracked 
| 210|0x000000070ee00000, 0x000000070ee00000, 0x000000070ef00000|  0%| F|  |TAMS 0x000000070ee00000, 0x000000070ee00000| Untracked 
| 211|0x000000070ef00000, 0x000000070ef00000, 0x000000070f000000|  0%| F|  |TAMS 0x000000070ef00000, 0x000000070ef00000| Untracked 
| 212|0x000000070f000000, 0x000000070f0d5620, 0x000000070f100000| 83%| E|  |TAMS 0x000000070f000000, 0x000000070f000000| Complete 
| 213|0x000000070f100000, 0x000000070f200000, 0x000000070f200000|100%| E|CS|TAMS 0x000000070f100000, 0x000000070f100000| Complete 
| 214|0x000000070f200000, 0x000000070f300000, 0x000000070f300000|100%| E|CS|TAMS 0x000000070f200000, 0x000000070f200000| Complete 
| 215|0x000000070f300000, 0x000000070f400000, 0x000000070f400000|100%| E|CS|TAMS 0x000000070f300000, 0x000000070f300000| Complete 
| 216|0x000000070f400000, 0x000000070f500000, 0x000000070f500000|100%| E|CS|TAMS 0x000000070f400000, 0x000000070f400000| Complete 
| 217|0x000000070f500000, 0x000000070f600000, 0x000000070f600000|100%| E|CS|TAMS 0x000000070f500000, 0x000000070f500000| Complete 
| 218|0x000000070f600000, 0x000000070f700000, 0x000000070f700000|100%| E|CS|TAMS 0x000000070f600000, 0x000000070f600000| Complete 
| 219|0x000000070f700000, 0x000000070f800000, 0x000000070f800000|100%| E|CS|TAMS 0x000000070f700000, 0x000000070f700000| Complete 
| 220|0x000000070f800000, 0x000000070f900000, 0x000000070f900000|100%| E|  |TAMS 0x000000070f800000, 0x000000070f800000| Complete 
| 221|0x000000070f900000, 0x000000070fa00000, 0x000000070fa00000|100%| E|CS|TAMS 0x000000070f900000, 0x000000070f900000| Complete 
| 222|0x000000070fa00000, 0x000000070fb00000, 0x000000070fb00000|100%| E|CS|TAMS 0x000000070fa00000, 0x000000070fa00000| Complete 
| 223|0x000000070fb00000, 0x000000070fc00000, 0x000000070fc00000|100%| E|CS|TAMS 0x000000070fb00000, 0x000000070fb00000| Complete 
| 224|0x000000070fc00000, 0x000000070fd00000, 0x000000070fd00000|100%| E|CS|TAMS 0x000000070fc00000, 0x000000070fc00000| Complete 
| 225|0x000000070fd00000, 0x000000070fe00000, 0x000000070fe00000|100%| E|CS|TAMS 0x000000070fd00000, 0x000000070fd00000| Complete 
| 226|0x000000070fe00000, 0x000000070ff00000, 0x000000070ff00000|100%| E|CS|TAMS 0x000000070fe00000, 0x000000070fe00000| Complete 
| 227|0x000000070ff00000, 0x0000000710000000, 0x0000000710000000|100%| E|CS|TAMS 0x000000070ff00000, 0x000000070ff00000| Complete 
| 228|0x0000000710000000, 0x0000000710100000, 0x0000000710100000|100%| E|CS|TAMS 0x0000000710000000, 0x0000000710000000| Complete 
| 229|0x0000000710100000, 0x0000000710200000, 0x0000000710200000|100%| E|CS|TAMS 0x0000000710100000, 0x0000000710100000| Complete 
| 230|0x0000000710200000, 0x0000000710300000, 0x0000000710300000|100%| E|CS|TAMS 0x0000000710200000, 0x0000000710200000| Complete 
| 231|0x0000000710300000, 0x0000000710400000, 0x0000000710400000|100%| E|CS|TAMS 0x0000000710300000, 0x0000000710300000| Complete 
| 232|0x0000000710400000, 0x0000000710500000, 0x0000000710500000|100%| E|CS|TAMS 0x0000000710400000, 0x0000000710400000| Complete 
| 233|0x0000000710500000, 0x0000000710600000, 0x0000000710600000|100%| E|CS|TAMS 0x0000000710500000, 0x0000000710500000| Complete 
| 234|0x0000000710600000, 0x0000000710700000, 0x0000000710700000|100%| E|CS|TAMS 0x0000000710600000, 0x0000000710600000| Complete 
| 235|0x0000000710700000, 0x0000000710800000, 0x0000000710800000|100%| E|CS|TAMS 0x0000000710700000, 0x0000000710700000| Complete 
| 236|0x0000000710800000, 0x0000000710900000, 0x0000000710900000|100%| E|CS|TAMS 0x0000000710800000, 0x0000000710800000| Complete 
| 237|0x0000000710900000, 0x0000000710a00000, 0x0000000710a00000|100%| E|CS|TAMS 0x0000000710900000, 0x0000000710900000| Complete 
| 238|0x0000000710a00000, 0x0000000710b00000, 0x0000000710b00000|100%| E|CS|TAMS 0x0000000710a00000, 0x0000000710a00000| Complete 
| 239|0x0000000710b00000, 0x0000000710c00000, 0x0000000710c00000|100%| E|CS|TAMS 0x0000000710b00000, 0x0000000710b00000| Complete 
| 240|0x0000000710c00000, 0x0000000710d00000, 0x0000000710d00000|100%| E|CS|TAMS 0x0000000710c00000, 0x0000000710c00000| Complete 
| 241|0x0000000710d00000, 0x0000000710e00000, 0x0000000710e00000|100%| E|CS|TAMS 0x0000000710d00000, 0x0000000710d00000| Complete 
| 242|0x0000000710e00000, 0x0000000710f00000, 0x0000000710f00000|100%| E|CS|TAMS 0x0000000710e00000, 0x0000000710e00000| Complete 
| 243|0x0000000710f00000, 0x0000000711000000, 0x0000000711000000|100%| E|CS|TAMS 0x0000000710f00000, 0x0000000710f00000| Complete 
| 244|0x0000000711000000, 0x0000000711100000, 0x0000000711100000|100%| E|CS|TAMS 0x0000000711000000, 0x0000000711000000| Complete 
| 245|0x0000000711100000, 0x0000000711200000, 0x0000000711200000|100%| E|CS|TAMS 0x0000000711100000, 0x0000000711100000| Complete 
| 246|0x0000000711200000, 0x0000000711300000, 0x0000000711300000|100%| E|CS|TAMS 0x0000000711200000, 0x0000000711200000| Complete 
| 247|0x0000000711300000, 0x0000000711400000, 0x0000000711400000|100%| E|CS|TAMS 0x0000000711300000, 0x0000000711300000| Complete 
| 248|0x0000000711400000, 0x0000000711500000, 0x0000000711500000|100%| E|CS|TAMS 0x0000000711400000, 0x0000000711400000| Complete 
| 249|0x0000000711500000, 0x0000000711600000, 0x0000000711600000|100%| E|CS|TAMS 0x0000000711500000, 0x0000000711500000| Complete 
| 250|0x0000000711600000, 0x0000000711700000, 0x0000000711700000|100%| E|CS|TAMS 0x0000000711600000, 0x0000000711600000| Complete 
| 251|0x0000000711700000, 0x0000000711800000, 0x0000000711800000|100%| E|CS|TAMS 0x0000000711700000, 0x0000000711700000| Complete 
| 252|0x0000000711800000, 0x0000000711900000, 0x0000000711900000|100%| E|CS|TAMS 0x0000000711800000, 0x0000000711800000| Complete 
| 253|0x0000000711900000, 0x0000000711a00000, 0x0000000711a00000|100%| E|CS|TAMS 0x0000000711900000, 0x0000000711900000| Complete 
| 254|0x0000000711a00000, 0x0000000711b00000, 0x0000000711b00000|100%| E|CS|TAMS 0x0000000711a00000, 0x0000000711a00000| Complete 
| 255|0x0000000711b00000, 0x0000000711c00000, 0x0000000711c00000|100%| E|CS|TAMS 0x0000000711b00000, 0x0000000711b00000| Complete 

Card table byte_map: [0x0000029de7700000,0x0000029de7f00000] _byte_map_base: 0x0000029de3ef2000

Marking Bits (Prev, Next): (CMBitMap*) 0x0000029dcf805c40, (CMBitMap*) 0x0000029dcf805c08
 Prev Bits: [0x0000029dec690000, 0x0000029df0620000)
 Next Bits: [0x0000029de8700000, 0x0000029dec690000)

Polling page: 0x0000029dcd950000

Metaspace:

Usage:
  Non-class:     28.44 MB capacity,    27.85 MB ( 98%) used,   478.13 KB (  2%) free+waste,   133.19 KB ( <1%) overhead. 
      Class:      4.21 MB capacity,     3.73 MB ( 89%) used,   421.63 KB ( 10%) free+waste,    66.44 KB (  2%) overhead. 
       Both:     32.65 MB capacity,    31.58 MB ( 97%) used,   899.76 KB (  3%) free+waste,   199.63 KB ( <1%) overhead. 

Virtual space:
  Non-class space:       30.00 MB reserved,      28.67 MB ( 96%) committed 
      Class space:        1.00 GB reserved,       4.25 MB ( <1%) committed 
             Both:        1.03 GB reserved,      32.92 MB (  3%) committed 

Chunk freelists:
   Non-Class:  43.00 KB
       Class:  9.00 KB
        Both:  52.00 KB

MaxMetaspaceSize: 17179869184.00 GB
CompressedClassSpaceSize: 1.00 GB
Initial GC threshold: 20.80 MB
Current GC threshold: 35.08 MB
CDS: off

CodeHeap 'non-profiled nmethods': size=120064Kb used=1961Kb max_used=1961Kb free=118102Kb
 bounds [0x0000029ddf9c0000, 0x0000029ddfc30000, 0x0000029de6f00000]
CodeHeap 'profiled nmethods': size=120000Kb used=7998Kb max_used=7998Kb free=112001Kb
 bounds [0x0000029dd8490000, 0x0000029dd8c60000, 0x0000029ddf9c0000]
CodeHeap 'non-nmethods': size=5696Kb used=1552Kb max_used=1589Kb free=4143Kb
 bounds [0x0000029dd7f00000, 0x0000029dd8170000, 0x0000029dd8490000]
 total_blobs=4978 nmethods=4057 adapters=832
 compilation: enabled
              stopped_count=0, restarted_count=0
 full_count=0

Compilation events (20 events):
Event: 7.929 Thread 0x0000029df3431800 3978       2       com.sun.javafx.geom.DirtyRegionContainer::getDirtyRegion (7 bytes)
Event: 7.929 Thread 0x0000029df3431800 nmethod 3978 0x0000029dd8c1fd90 code [0x0000029dd8c1ff40, 0x0000029dd8c20078]
Event: 7.930 Thread 0x0000029df3431800 3979       2       com.sun.javafx.geom.transform.Affine3D::<init> (20 bytes)
Event: 7.930 Thread 0x0000029df593f800 nmethod 3766 0x0000029ddfb8c990 code [0x0000029ddfb8cd20, 0x0000029ddfb90510]
Event: 7.933 Thread 0x0000029df3431800 nmethod 3979 0x0000029dd8c20190 code [0x0000029dd8c20340, 0x0000029dd8c20458]
Event: 7.934 Thread 0x0000029df3431800 3980       1       com.sun.glass.ui.Window::getPlatformScaleX (5 bytes)
Event: 7.935 Thread 0x0000029df3431800 nmethod 3980 0x0000029ddfb92090 code [0x0000029ddfb92240, 0x0000029ddfb922f8]
Event: 7.935 Thread 0x0000029df3431800 3981       1       com.sun.glass.ui.Window::getPlatformScaleY (5 bytes)
Event: 7.935 Thread 0x0000029df593f800 3850       4       java.util.Arrays::hashCode (44 bytes)
Event: 7.935 Thread 0x0000029df3431800 nmethod 3981 0x0000029ddfb92390 code [0x0000029ddfb92540, 0x0000029ddfb925f8]
Event: 7.935 Thread 0x0000029df3431800 3982       2       java.lang.Long::parseLong (267 bytes)
Event: 7.939 Thread 0x0000029df3431800 nmethod 3982 0x0000029dd8c20510 code [0x0000029dd8c209e0, 0x0000029dd8c22148]
Event: 7.939 Thread 0x0000029df3431800 3983       2       com.sun.glass.ui.InvokeLaterDispatcher$Future::<init> (20 bytes)
Event: 7.939 Thread 0x0000029df3431800 nmethod 3983 0x0000029dd8c22e90 code [0x0000029dd8c23040, 0x0000029dd8c231f8]
Event: 7.939 Thread 0x0000029df3431800 3984       2       com.sun.glass.ui.win.WinApplication::submitForLaterInvocation (6 bytes)
Event: 7.940 Thread 0x0000029df3431800 nmethod 3984 0x0000029dd8c23290 code [0x0000029dd8c23440, 0x0000029dd8c23548]
Event: 7.940 Thread 0x0000029df3431800 3986   !   2       com.sun.glass.ui.InvokeLaterDispatcher$Future::run (91 bytes)
Event: 7.940 Thread 0x0000029df593f800 nmethod 3850 0x0000029ddfb92b10 code [0x0000029ddfb92ca0, 0x0000029ddfb92e18]
Event: 7.940 Thread 0x0000029df593f800 3945       4       sun.security.util.math.intpoly.IntegerPolynomial::multByInt (30 bytes)
Event: 7.940 Thread 0x0000029df3431800 nmethod 3986 0x0000029dd8c23610 code [0x0000029dd8c23800, 0x0000029dd8c23d68]

GC Heap History (6 events):
Event: 1.016 GC heap before
{Heap before GC invocations=0 (full 0):
 garbage-first heap   total 262144K, used 13312K [0x0000000701c00000, 0x0000000800000000)
  region size 1024K, 14 young (14336K), 0 survivors (0K)
 Metaspace       used 9419K, capacity 9702K, committed 9728K, reserved 1058816K
  class space    used 893K, capacity 1001K, committed 1024K, reserved 1048576K
}
Event: 1.024 GC heap after
{Heap after GC invocations=1 (full 0):
 garbage-first heap   total 262144K, used 2054K [0x0000000701c00000, 0x0000000800000000)
  region size 1024K, 2 young (2048K), 2 survivors (2048K)
 Metaspace       used 9419K, capacity 9702K, committed 9728K, reserved 1058816K
  class space    used 893K, capacity 1001K, committed 1024K, reserved 1048576K
}
Event: 3.818 GC heap before
{Heap before GC invocations=1 (full 0):
 garbage-first heap   total 262144K, used 37894K [0x0000000701c00000, 0x0000000800000000)
  region size 1024K, 38 young (38912K), 2 survivors (2048K)
 Metaspace       used 20587K, capacity 21151K, committed 21296K, reserved 1069056K
  class space    used 2418K, capacity 2635K, committed 2688K, reserved 1048576K
}
Event: 3.832 GC heap after
{Heap after GC invocations=2 (full 0):
 garbage-first heap   total 262144K, used 6891K [0x0000000701c00000, 0x0000000800000000)
  region size 1024K, 7 young (7168K), 7 survivors (7168K)
 Metaspace       used 20587K, capacity 21151K, committed 21296K, reserved 1069056K
  class space    used 2418K, capacity 2635K, committed 2688K, reserved 1048576K
}
Event: 6.416 GC heap before
{Heap before GC invocations=3 (full 0):
 garbage-first heap   total 262144K, used 49899K [0x0000000701c00000, 0x0000000800000000)
  region size 1024K, 48 young (49152K), 7 survivors (7168K)
 Metaspace       used 30489K, capacity 31562K, committed 31792K, reserved 1077248K
  class space    used 3679K, capacity 4119K, committed 4224K, reserved 1048576K
}
Event: 6.435 GC heap after
{Heap after GC invocations=4 (full 0):
 garbage-first heap   total 262144K, used 13669K [0x0000000701c00000, 0x0000000800000000)
  region size 1024K, 5 young (5120K), 5 survivors (5120K)
 Metaspace       used 30489K, capacity 31562K, committed 31792K, reserved 1077248K
  class space    used 3679K, capacity 4119K, committed 4224K, reserved 1048576K
}

Deoptimization events (20 events):
Event: 7.752 Thread 0x0000029df4672800 DEOPT PACKING pc=0x0000029dd8937d7c sp=0x000000cb43bfc530
Event: 7.752 Thread 0x0000029df4672800 DEOPT UNPACKING pc=0x0000029dd7f4a95e sp=0x000000cb43bfb990 mode 0
Event: 7.761 Thread 0x0000029df4672800 DEOPT PACKING pc=0x0000029dd8a0fcb8 sp=0x000000cb43bfc6e0
Event: 7.761 Thread 0x0000029df4672800 DEOPT UNPACKING pc=0x0000029dd7f4a95e sp=0x000000cb43bfbb60 mode 0
Event: 7.763 Thread 0x0000029df4672800 DEOPT PACKING pc=0x0000029dd8a0fcb8 sp=0x000000cb43bfc5a0
Event: 7.763 Thread 0x0000029df4672800 DEOPT UNPACKING pc=0x0000029dd7f4a95e sp=0x000000cb43bfba20 mode 0
Event: 7.797 Thread 0x0000029df4674800 DEOPT PACKING pc=0x0000029dd8a0fcb8 sp=0x000000cb43efc8c0
Event: 7.797 Thread 0x0000029df4674800 DEOPT UNPACKING pc=0x0000029dd7f4a95e sp=0x000000cb43efbd40 mode 0
Event: 7.872 Thread 0x0000029df4672800 Uncommon trap: trap_request=0xffffff4d fr.pc=0x0000029ddfafe0fc relative=0x00000000000000bc
Event: 7.872 Thread 0x0000029df4672800 Uncommon trap: reason=unstable_if action=reinterpret pc=0x0000029ddfafe0fc method=java.lang.CharacterDataLatin1.digit(II)I @ 7 c2
Event: 7.873 Thread 0x0000029df4672800 DEOPT PACKING pc=0x0000029ddfafe0fc sp=0x000000cb43bfcac0
Event: 7.873 Thread 0x0000029df4672800 DEOPT UNPACKING pc=0x0000029dd7f4a1af sp=0x000000cb43bfc980 mode 2
Event: 7.873 Thread 0x0000029df4672800 Uncommon trap: trap_request=0xffffff4d fr.pc=0x0000029ddfabedb0 relative=0x0000000000000090
Event: 7.873 Thread 0x0000029df4672800 Uncommon trap: reason=unstable_if action=reinterpret pc=0x0000029ddfabedb0 method=java.lang.CharacterDataLatin1.digit(II)I @ 7 c2
Event: 7.873 Thread 0x0000029df4672800 DEOPT PACKING pc=0x0000029ddfabedb0 sp=0x000000cb43bfca20
Event: 7.873 Thread 0x0000029df4672800 DEOPT UNPACKING pc=0x0000029dd7f4a1af sp=0x000000cb43bfc9a0 mode 2
Event: 7.895 Thread 0x0000029df4114000 DEOPT PACKING pc=0x0000029dd8936cd9 sp=0x000000cb445fcb90
Event: 7.895 Thread 0x0000029df4114000 DEOPT UNPACKING pc=0x0000029dd7f4a95e sp=0x000000cb445fc020 mode 0
Event: 7.905 Thread 0x0000029df469a000 DEOPT PACKING pc=0x0000029dd8b2a39c sp=0x000000cb427fe270
Event: 7.905 Thread 0x0000029df469a000 DEOPT UNPACKING pc=0x0000029dd7f4a95e sp=0x000000cb427fd6c8 mode 0

Classes redefined (0 events):
No events

Internal exceptions (20 events):
Event: 6.444 Thread 0x0000029df41c8800 Exception <a 'java/lang/NoSuchMethodError'{0x0000000711bdf698}: 'java.lang.Object java.lang.invoke.DirectMethodHandle$Holder.invokeSpecial(java.lang.Object, java.lang.Object, int, int, int, long, int, int, java.lang.Object, java.lang.Object, int)'> (0x0000000711bdf698) thrown at [./src/hotspot/share/interpreter/linkResolver.cpp, line 773]
Event: 6.444 Thread 0x0000029df41c8800 Exception <a 'java/lang/NoSuchMethodError'{0x0000000711be3088}: 'java.lang.Object java.lang.invoke.DelegatingMethodHandle$Holder.reinvoke_L(java.lang.Object, int, int, int, long, int, int, java.lang.Object, java.lang.Object, int)'> (0x0000000711be3088) thrown at [./src/hotspot/share/interpreter/linkResolver.cpp, line 773]
Event: 6.459 Thread 0x0000029df4113000 Exception <a 'sun/nio/fs/WindowsException'{0x0000000711ab60d0}> (0x0000000711ab60d0) thrown at [./src/hotspot/share/prims/jni.cpp, line 617]
Event: 6.679 Thread 0x0000029df41c8800 Exception <a 'java/io/FileNotFoundException'{0x0000000711285230}> (0x0000000711285230) thrown at [./src/hotspot/share/prims/jni.cpp, line 617]
Event: 6.679 Thread 0x0000029df41c8800 Exception <a 'java/io/FileNotFoundException'{0x0000000711286348}> (0x0000000711286348) thrown at [./src/hotspot/share/prims/jni.cpp, line 617]
Event: 6.680 Thread 0x0000029df41c8800 Exception <a 'java/io/FileNotFoundException'{0x000000071128a888}> (0x000000071128a888) thrown at [./src/hotspot/share/prims/jni.cpp, line 617]
Event: 6.680 Thread 0x0000029df41c8800 Exception <a 'java/io/FileNotFoundException'{0x000000071128b9a0}> (0x000000071128b9a0) thrown at [./src/hotspot/share/prims/jni.cpp, line 617]
Event: 6.691 Thread 0x0000029df41c8800 Exception <a 'java/io/FileNotFoundException'{0x00000007111a7688}> (0x00000007111a7688) thrown at [./src/hotspot/share/prims/jni.cpp, line 617]
Event: 6.692 Thread 0x0000029df41c8800 Exception <a 'java/io/FileNotFoundException'{0x00000007111aa798}> (0x00000007111aa798) thrown at [./src/hotspot/share/prims/jni.cpp, line 617]
Event: 6.692 Thread 0x0000029df41c8800 Exception <a 'java/io/FileNotFoundException'{0x00000007111abb98}> (0x00000007111abb98) thrown at [./src/hotspot/share/prims/jni.cpp, line 617]
Event: 6.756 Thread 0x0000029df41c8800 Exception <a 'java/io/FileNotFoundException'{0x00000007111bcd10}> (0x00000007111bcd10) thrown at [./src/hotspot/share/prims/jni.cpp, line 617]
Event: 6.756 Thread 0x0000029df41c8800 Exception <a 'java/io/FileNotFoundException'{0x00000007111bde28}> (0x00000007111bde28) thrown at [./src/hotspot/share/prims/jni.cpp, line 617]
Event: 6.756 Thread 0x0000029df41c8800 Exception <a 'java/io/FileNotFoundException'{0x00000007111bef58}> (0x00000007111bef58) thrown at [./src/hotspot/share/prims/jni.cpp, line 617]
Event: 6.757 Thread 0x0000029df41c8800 Exception <a 'java/io/FileNotFoundException'{0x00000007111c0070}> (0x00000007111c0070) thrown at [./src/hotspot/share/prims/jni.cpp, line 617]
Event: 6.757 Thread 0x0000029df41c8800 Exception <a 'java/io/FileNotFoundException'{0x00000007111c16b8}> (0x00000007111c16b8) thrown at [./src/hotspot/share/prims/jni.cpp, line 617]
Event: 6.757 Thread 0x0000029df41c8800 Exception <a 'java/io/FileNotFoundException'{0x00000007111c2af8}> (0x00000007111c2af8) thrown at [./src/hotspot/share/prims/jni.cpp, line 617]
Event: 6.757 Thread 0x0000029df41c8800 Exception <a 'java/io/FileNotFoundException'{0x00000007111c3ef8}> (0x00000007111c3ef8) thrown at [./src/hotspot/share/prims/jni.cpp, line 617]
Event: 6.912 Thread 0x0000029df469a000 Exception <a 'java/lang/NoSuchMethodError'{0x00000007109b4768}: 'java.lang.Object java.lang.invoke.DirectMethodHandle$Holder.invokeStaticInit(java.lang.Object, int)'> (0x00000007109b4768) thrown at [./src/hotspot/share/interpreter/linkResolver.cpp, line 773]
Event: 6.982 Thread 0x0000029df41c8800 Exception <a 'java/lang/NoSuchMethodError'{0x00000007105f4428}: 'java.lang.Object java.lang.invoke.DirectMethodHandle$Holder.invokeSpecial(java.lang.Object, java.lang.Object, int, int, int, java.lang.Object, int, java.lang.Object)'> (0x00000007105f4428) thrown at [./src/hotspot/share/interpreter/linkResolver.cpp, line 773]
Event: 6.982 Thread 0x0000029df41c8800 Exception <a 'java/lang/NoSuchMethodError'{0x00000007105f7960}: 'java.lang.Object java.lang.invoke.DelegatingMethodHandle$Holder.reinvoke_L(java.lang.Object, int, int, int, java.lang.Object, int, java.lang.Object)'> (0x00000007105f7960) thrown at [./src/hotspot/share/interpreter/linkResolver.cpp, line 773]

Events (20 events):
Event: 7.820 Executing VM operation: BulkRevokeBias done
Event: 7.820 Thread 0x0000029dff2f4800 Thread exited: 0x0000029dff2f4800
Event: 7.821 Thread 0x0000029dff2f1800 Thread exited: 0x0000029dff2f1800
Event: 7.821 Thread 0x0000029dff2fb800 Thread exited: 0x0000029dff2fb800
Event: 7.821 Thread 0x0000029dff2ef000 Thread exited: 0x0000029dff2ef000
Event: 7.821 Thread 0x0000029dff2f2800 Thread exited: 0x0000029dff2f2800
Event: 7.822 Thread 0x0000029dff2f4000 Thread exited: 0x0000029dff2f4000
Event: 7.836 Executing VM operation: RevokeBias
Event: 7.836 Executing VM operation: RevokeBias done
Event: 7.858 Executing VM operation: RevokeBias
Event: 7.858 Executing VM operation: RevokeBias done
Event: 7.858 Executing VM operation: RevokeBias
Event: 7.858 Executing VM operation: RevokeBias done
Event: 7.858 Executing VM operation: RevokeBias
Event: 7.858 Executing VM operation: RevokeBias done
Event: 7.904 Thread 0x0000029dff2f1800 Thread added: 0x0000029dff2f1800
Event: 7.930 Executing VM operation: RevokeBias
Event: 7.933 Executing VM operation: RevokeBias done
Event: 7.934 Executing VM operation: RevokeBias
Event: 7.934 Executing VM operation: RevokeBias done


Dynamic libraries:
0x00007ff740820000 - 0x00007ff74082d000 	C:\Program Files\Eclipse Adoptium\jdk-11.0.16.101-hotspot\bin\java.exe
0x00007ff9423f0000 - 0x00007ff9425e8000 	C:\WINDOWS\SYSTEM32\ntdll.dll
0x00007ff918160000 - 0x00007ff918177000 	C:\Program Files\AVAST Software\Avast\aswhook.dll
0x00007ff942230000 - 0x00007ff9422ed000 	C:\WINDOWS\System32\KERNEL32.DLL
0x00007ff93fb00000 - 0x00007ff93fdd2000 	C:\WINDOWS\System32\KERNELBASE.dll
0x00007ff93fde0000 - 0x00007ff93fee0000 	C:\WINDOWS\System32\ucrtbase.dll
0x00007ff9321f0000 - 0x00007ff932207000 	C:\Program Files\Eclipse Adoptium\jdk-11.0.16.101-hotspot\bin\jli.dll
0x00007ff9320c0000 - 0x00007ff9320d5000 	C:\Program Files\Eclipse Adoptium\jdk-11.0.16.101-hotspot\bin\VCRUNTIME140.dll
0x00007ff9405e0000 - 0x00007ff94077d000 	C:\WINDOWS\System32\USER32.dll
0x00007ff9401e0000 - 0x00007ff940202000 	C:\WINDOWS\System32\win32u.dll
0x00007ff9411a0000 - 0x00007ff9411cb000 	C:\WINDOWS\System32\GDI32.dll
0x00007ff93ff50000 - 0x00007ff94005f000 	C:\WINDOWS\System32\gdi32full.dll
0x00007ff930680000 - 0x00007ff93091a000 	C:\WINDOWS\WinSxS\amd64_microsoft.windows.common-controls_6595b64144ccf1df_6.0.19041.1110_none_60b5254171f9507e\COMCTL32.dll
0x00007ff940140000 - 0x00007ff9401dd000 	C:\WINDOWS\System32\msvcp_win.dll
0x00007ff941530000 - 0x00007ff9415ce000 	C:\WINDOWS\System32\msvcrt.dll
0x00007ff940e70000 - 0x00007ff940ea0000 	C:\WINDOWS\System32\IMM32.DLL
0x00007ff8fb5c0000 - 0x00007ff8fb65b000 	C:\Program Files\Eclipse Adoptium\jdk-11.0.16.101-hotspot\bin\msvcp140.dll
0x00007ff8edb30000 - 0x00007ff8ee6b2000 	C:\Program Files\Eclipse Adoptium\jdk-11.0.16.101-hotspot\bin\server\jvm.dll
0x00007ff942300000 - 0x00007ff9423ae000 	C:\WINDOWS\System32\ADVAPI32.dll
0x00007ff9418e0000 - 0x00007ff94197c000 	C:\WINDOWS\System32\sechost.dll
0x00007ff9408d0000 - 0x00007ff9409f5000 	C:\WINDOWS\System32\RPCRT4.dll
0x00007ff9422f0000 - 0x00007ff9422f8000 	C:\WINDOWS\System32\PSAPI.DLL
0x00007ff931b60000 - 0x00007ff931b87000 	C:\WINDOWS\SYSTEM32\WINMM.dll
0x00007ff930200000 - 0x00007ff930209000 	C:\WINDOWS\SYSTEM32\WSOCK32.dll
0x00007ff941980000 - 0x00007ff9419eb000 	C:\WINDOWS\System32\WS2_32.dll
0x00007ff9391c0000 - 0x00007ff9391ca000 	C:\WINDOWS\SYSTEM32\VERSION.dll
0x00007ff93d9c0000 - 0x00007ff93d9d2000 	C:\WINDOWS\SYSTEM32\kernel.appcore.dll
0x00007ff938080000 - 0x00007ff938090000 	C:\Program Files\Eclipse Adoptium\jdk-11.0.16.101-hotspot\bin\verify.dll
0x00007ff9370d0000 - 0x00007ff9372b4000 	C:\WINDOWS\SYSTEM32\DBGHELP.DLL
0x00007ff937550000 - 0x00007ff93757c000 	C:\WINDOWS\SYSTEM32\dbgcore.DLL
0x00007ff9400b0000 - 0x00007ff940132000 	C:\WINDOWS\System32\bcryptPrimitives.dll
0x00007ff921f30000 - 0x00007ff921f58000 	C:\Program Files\Eclipse Adoptium\jdk-11.0.16.101-hotspot\bin\java.dll
0x00007ff937af0000 - 0x00007ff937afa000 	C:\Program Files\Eclipse Adoptium\jdk-11.0.16.101-hotspot\bin\jimage.dll
0x00007ff93b830000 - 0x00007ff93b83e000 	C:\Program Files\Eclipse Adoptium\jdk-11.0.16.101-hotspot\bin\instrument.dll
0x00007ff931170000 - 0x00007ff931188000 	C:\Program Files\Eclipse Adoptium\jdk-11.0.16.101-hotspot\bin\zip.dll
0x00007ff941ae0000 - 0x00007ff942223000 	C:\WINDOWS\System32\SHELL32.dll
0x00007ff93dbc0000 - 0x00007ff93e351000 	C:\WINDOWS\SYSTEM32\windows.storage.dll
0x00007ff9411d0000 - 0x00007ff941524000 	C:\WINDOWS\System32\combase.dll
0x00007ff93f480000 - 0x00007ff93f4b0000 	C:\WINDOWS\SYSTEM32\Wldp.dll
0x00007ff940f70000 - 0x00007ff94101d000 	C:\WINDOWS\System32\SHCORE.dll
0x00007ff941880000 - 0x00007ff9418d5000 	C:\WINDOWS\System32\shlwapi.dll
0x00007ff93fa40000 - 0x00007ff93fa5f000 	C:\WINDOWS\SYSTEM32\profapi.dll
0x00007ff938cf0000 - 0x00007ff938d09000 	C:\Program Files\Eclipse Adoptium\jdk-11.0.16.101-hotspot\bin\net.dll
0x00007ff931500000 - 0x00007ff93160d000 	C:\WINDOWS\SYSTEM32\WINHTTP.dll
0x00007ff93f1e0000 - 0x00007ff93f24a000 	C:\WINDOWS\system32\mswsock.dll
0x00007ff938cd0000 - 0x00007ff938ce3000 	C:\Program Files\Eclipse Adoptium\jdk-11.0.16.101-hotspot\bin\nio.dll
0x00007ff9367c0000 - 0x00007ff9367da000 	C:\Program Files\JetBrains\IntelliJ IDEA Community Edition 2022.2.3\bin\breakgen64.dll
0x0000029df5030000 - 0x0000029df5033000 	C:\Users\Bob\.openjfx\cache\17.0.2-ea\api-ms-win-core-console-l1-1-0.dll
0x0000029df51a0000 - 0x0000029df51a3000 	C:\Users\Bob\.openjfx\cache\17.0.2-ea\api-ms-win-core-console-l1-2-0.dll
0x0000029df5040000 - 0x0000029df5043000 	C:\Users\Bob\.openjfx\cache\17.0.2-ea\api-ms-win-core-datetime-l1-1-0.dll
0x0000029df5050000 - 0x0000029df5053000 	C:\Users\Bob\.openjfx\cache\17.0.2-ea\api-ms-win-core-debug-l1-1-0.dll
0x0000029df5060000 - 0x0000029df5063000 	C:\Users\Bob\.openjfx\cache\17.0.2-ea\api-ms-win-core-errorhandling-l1-1-0.dll
0x0000029df5070000 - 0x0000029df5074000 	C:\Users\Bob\.openjfx\cache\17.0.2-ea\api-ms-win-core-file-l1-1-0.dll
0x0000029df5080000 - 0x0000029df5083000 	C:\Users\Bob\.openjfx\cache\17.0.2-ea\api-ms-win-core-file-l1-2-0.dll
0x0000029df5090000 - 0x0000029df5093000 	C:\Users\Bob\.openjfx\cache\17.0.2-ea\api-ms-win-core-file-l2-1-0.dll
0x0000029df50a0000 - 0x0000029df50a3000 	C:\Users\Bob\.openjfx\cache\17.0.2-ea\api-ms-win-core-handle-l1-1-0.dll
0x0000029df50b0000 - 0x0000029df50b3000 	C:\Users\Bob\.openjfx\cache\17.0.2-ea\api-ms-win-core-heap-l1-1-0.dll
0x0000029df50c0000 - 0x0000029df50c3000 	C:\Users\Bob\.openjfx\cache\17.0.2-ea\api-ms-win-core-interlocked-l1-1-0.dll
0x0000029df50d0000 - 0x0000029df50d3000 	C:\Users\Bob\.openjfx\cache\17.0.2-ea\api-ms-win-core-libraryloader-l1-1-0.dll
0x0000029df50e0000 - 0x0000029df50e3000 	C:\Users\Bob\.openjfx\cache\17.0.2-ea\api-ms-win-core-localization-l1-2-0.dll
0x0000029df50f0000 - 0x0000029df50f3000 	C:\Users\Bob\.openjfx\cache\17.0.2-ea\api-ms-win-core-memory-l1-1-0.dll
0x0000029df5100000 - 0x0000029df5103000 	C:\Users\Bob\.openjfx\cache\17.0.2-ea\api-ms-win-core-namedpipe-l1-1-0.dll
0x0000029df5110000 - 0x0000029df5113000 	C:\Users\Bob\.openjfx\cache\17.0.2-ea\api-ms-win-core-processenvironment-l1-1-0.dll
0x0000029df5120000 - 0x0000029df5123000 	C:\Users\Bob\.openjfx\cache\17.0.2-ea\api-ms-win-core-processthreads-l1-1-0.dll
0x0000029df5130000 - 0x0000029df5133000 	C:\Users\Bob\.openjfx\cache\17.0.2-ea\api-ms-win-core-processthreads-l1-1-1.dll
0x0000029df5140000 - 0x0000029df5143000 	C:\Users\Bob\.openjfx\cache\17.0.2-ea\api-ms-win-core-profile-l1-1-0.dll
0x0000029df5150000 - 0x0000029df5153000 	C:\Users\Bob\.openjfx\cache\17.0.2-ea\api-ms-win-core-rtlsupport-l1-1-0.dll
0x0000029df5160000 - 0x0000029df5163000 	C:\Users\Bob\.openjfx\cache\17.0.2-ea\api-ms-win-core-string-l1-1-0.dll
0x0000029df5170000 - 0x0000029df5173000 	C:\Users\Bob\.openjfx\cache\17.0.2-ea\api-ms-win-core-synch-l1-1-0.dll
0x0000029df5180000 - 0x0000029df5183000 	C:\Users\Bob\.openjfx\cache\17.0.2-ea\api-ms-win-core-synch-l1-2-0.dll
0x0000029df5190000 - 0x0000029df5193000 	C:\Users\Bob\.openjfx\cache\17.0.2-ea\api-ms-win-core-sysinfo-l1-1-0.dll
0x0000029df51b0000 - 0x0000029df51b3000 	C:\Users\Bob\.openjfx\cache\17.0.2-ea\api-ms-win-core-timezone-l1-1-0.dll
0x0000029df51c0000 - 0x0000029df51c3000 	C:\Users\Bob\.openjfx\cache\17.0.2-ea\api-ms-win-core-util-l1-1-0.dll
0x0000029df51d0000 - 0x0000029df51d3000 	C:\Users\Bob\.openjfx\cache\17.0.2-ea\api-ms-win-crt-conio-l1-1-0.dll
0x0000029df51e0000 - 0x0000029df51e4000 	C:\Users\Bob\.openjfx\cache\17.0.2-ea\api-ms-win-crt-convert-l1-1-0.dll
0x0000029df51f0000 - 0x0000029df51f3000 	C:\Users\Bob\.openjfx\cache\17.0.2-ea\api-ms-win-crt-environment-l1-1-0.dll
0x0000029df5200000 - 0x0000029df5203000 	C:\Users\Bob\.openjfx\cache\17.0.2-ea\api-ms-win-crt-filesystem-l1-1-0.dll
0x0000029df5210000 - 0x0000029df5213000 	C:\Users\Bob\.openjfx\cache\17.0.2-ea\api-ms-win-crt-heap-l1-1-0.dll
0x0000029df5220000 - 0x0000029df5223000 	C:\Users\Bob\.openjfx\cache\17.0.2-ea\api-ms-win-crt-locale-l1-1-0.dll
0x0000029df5230000 - 0x0000029df5235000 	C:\Users\Bob\.openjfx\cache\17.0.2-ea\api-ms-win-crt-math-l1-1-0.dll
0x0000029df5480000 - 0x0000029df5485000 	C:\Users\Bob\.openjfx\cache\17.0.2-ea\api-ms-win-crt-multibyte-l1-1-0.dll
0x0000029df5490000 - 0x0000029df54a0000 	C:\Users\Bob\.openjfx\cache\17.0.2-ea\api-ms-win-crt-private-l1-1-0.dll
0x0000029df54a0000 - 0x0000029df54a3000 	C:\Users\Bob\.openjfx\cache\17.0.2-ea\api-ms-win-crt-process-l1-1-0.dll
0x0000029df54b0000 - 0x0000029df54b4000 	C:\Users\Bob\.openjfx\cache\17.0.2-ea\api-ms-win-crt-runtime-l1-1-0.dll
0x0000029df54c0000 - 0x0000029df54c4000 	C:\Users\Bob\.openjfx\cache\17.0.2-ea\api-ms-win-crt-stdio-l1-1-0.dll
0x0000029df54d0000 - 0x0000029df54d4000 	C:\Users\Bob\.openjfx\cache\17.0.2-ea\api-ms-win-crt-string-l1-1-0.dll
0x0000029df54e0000 - 0x0000029df54e3000 	C:\Users\Bob\.openjfx\cache\17.0.2-ea\api-ms-win-crt-time-l1-1-0.dll
0x0000029df54f0000 - 0x0000029df54f3000 	C:\Users\Bob\.openjfx\cache\17.0.2-ea\api-ms-win-crt-utility-l1-1-0.dll
0x00007ff8f7fd0000 - 0x00007ff8f80cc000 	C:\Users\Bob\.openjfx\cache\17.0.2-ea\ucrtbase.dll
0x00007ff9367a0000 - 0x00007ff9367ba000 	C:\Users\Bob\.openjfx\cache\17.0.2-ea\vcruntime140.dll
0x00007ff937fb0000 - 0x00007ff937fbc000 	C:\Users\Bob\.openjfx\cache\17.0.2-ea\vcruntime140_1.dll
0x00007ff90f2a0000 - 0x00007ff90f32d000 	C:\Users\Bob\.openjfx\cache\17.0.2-ea\msvcp140.dll
0x00007ff915560000 - 0x00007ff91558a000 	C:\Users\Bob\.openjfx\cache\17.0.2-ea\prism_d3d.dll
0x00007ff901eb0000 - 0x00007ff90207f000 	C:\WINDOWS\system32\d3d9.dll
0x00007ff93d6d0000 - 0x00007ff93d6ff000 	C:\WINDOWS\SYSTEM32\dwmapi.dll
0x00007ff93d4c0000 - 0x00007ff93d55e000 	C:\WINDOWS\system32\uxtheme.dll
0x00007ff8f1440000 - 0x00007ff8f1eae000 	C:\WINDOWS\SYSTEM32\igdumdim64.dll
0x00007ff932cc0000 - 0x00007ff93311f000 	C:\WINDOWS\SYSTEM32\igdusc64.dll
0x00007ff90f340000 - 0x00007ff90f382000 	C:\Users\Bob\.openjfx\cache\17.0.2-ea\glass.dll
0x00007ff940450000 - 0x00007ff94052a000 	C:\WINDOWS\System32\COMDLG32.dll
0x00007ff940780000 - 0x00007ff9408aa000 	C:\WINDOWS\System32\ole32.dll
0x00007ff940ea0000 - 0x00007ff940f6d000 	C:\WINDOWS\System32\OLEAUT32.dll
0x00007ff941020000 - 0x00007ff941135000 	C:\WINDOWS\System32\MSCTF.dll
0x00007ff92ef90000 - 0x00007ff92efa4000 	C:\Users\Bob\.openjfx\cache\17.0.2-ea\javafx_font.dll
0x00007ff8e4590000 - 0x00007ff8e8340000 	C:\Users\Bob\.openjfx\cache\17.0.2-ea\jfxwebkit.dll
0x00007ff93f3e0000 - 0x00007ff93f3f8000 	C:\WINDOWS\SYSTEM32\CRYPTSP.dll
0x00007ff93eb00000 - 0x00007ff93eb34000 	C:\WINDOWS\system32\rsaenh.dll
0x00007ff940420000 - 0x00007ff940447000 	C:\WINDOWS\System32\bcrypt.dll
0x00007ff93f3d0000 - 0x00007ff93f3dc000 	C:\WINDOWS\SYSTEM32\CRYPTBASE.dll
0x00007ff929b80000 - 0x00007ff929dff000 	C:\WINDOWS\SYSTEM32\dwrite.dll
0x00007ff940530000 - 0x00007ff9405df000 	C:\WINDOWS\System32\clbcatq.dll
0x00007ff9367e0000 - 0x00007ff936994000 	C:\WINDOWS\SYSTEM32\WindowsCodecs.dll
0x00007ff930280000 - 0x00007ff9302be000 	C:\WINDOWS\system32\dataexchange.dll
0x00007ff93bfc0000 - 0x00007ff93c223000 	C:\WINDOWS\system32\d3d11.dll
0x00007ff93c7f0000 - 0x00007ff93c9d3000 	C:\WINDOWS\system32\dcomp.dll
0x00007ff93e3c0000 - 0x00007ff93e4b3000 	C:\WINDOWS\system32\dxgi.dll
0x00007ff937790000 - 0x00007ff937990000 	C:\WINDOWS\system32\twinapi.appcore.dll
0x00007ff90ffd0000 - 0x00007ff910004000 	C:\Program Files\Common Files\Microsoft Shared\Ink\rtscom.dll
0x00007ff935d30000 - 0x00007ff935e29000 	C:\WINDOWS\SYSTEM32\textinputframework.dll
0x00007ff93c9e0000 - 0x00007ff93cd3e000 	C:\WINDOWS\System32\CoreUIComponents.dll
0x00007ff93d0c0000 - 0x00007ff93d1b2000 	C:\WINDOWS\System32\CoreMessaging.dll
0x00007ff93ec20000 - 0x00007ff93ec53000 	C:\WINDOWS\SYSTEM32\ntmarta.dll
0x00007ff93b920000 - 0x00007ff93ba74000 	C:\WINDOWS\SYSTEM32\wintypes.dll
0x00007ff92f810000 - 0x00007ff92f81e000 	C:\Program Files\Eclipse Adoptium\jdk-11.0.16.101-hotspot\bin\sunmscapi.dll
0x00007ff9402c0000 - 0x00007ff940416000 	C:\WINDOWS\System32\CRYPT32.dll
0x00007ff93f4f0000 - 0x00007ff93f517000 	C:\WINDOWS\SYSTEM32\ncrypt.dll
0x00007ff93f4b0000 - 0x00007ff93f4eb000 	C:\WINDOWS\SYSTEM32\NTASN1.dll
0x00007ff9271b0000 - 0x00007ff9271d5000 	C:\Program Files\Eclipse Adoptium\jdk-11.0.16.101-hotspot\bin\sunec.dll

dbghelp: loaded successfully - version: 4.0.5 - missing functions: none
symbol engine: initialized successfully - sym options: 0x614 - pdb path: .;C:\Program Files\Eclipse Adoptium\jdk-11.0.16.101-hotspot\bin;C:\WINDOWS\SYSTEM32;C:\Program Files\AVAST Software\Avast;C:\WINDOWS\WinSxS\amd64_microsoft.windows.common-controls_6595b64144ccf1df_6.0.19041.1110_none_60b5254171f9507e;C:\Program Files\Eclipse Adoptium\jdk-11.0.16.101-hotspot\bin\server;C:\Program Files\JetBrains\IntelliJ IDEA Community Edition 2022.2.3\bin;C:\Users\Bob\.openjfx\cache\17.0.2-ea;C:\Program Files\Common Files\Microsoft Shared\Ink

VM Arguments:
jvm_args: -javaagent:C:\Program Files\JetBrains\IntelliJ IDEA Community Edition 2022.2.3\lib\idea_rt.jar=60416:C:\Program Files\JetBrains\IntelliJ IDEA Community Edition 2022.2.3\bin -Dfile.encoding=UTF-8 --module-path=C:\Users\Bob\.m2\repository\org\openjfx\javafx-fxml\17.0.2\javafx-fxml-17.0.2-win.jar;C:\Users\Bob\IdeaProjects\browser\target\classes;C:\Users\Bob\.m2\repository\org\openjfx\javafx-web\11.0.2\javafx-web-11.0.2-win.jar;C:\Users\Bob\.m2\repository\org\openjfx\javafx-media\11.0.2\javafx-media-11.0.2-win.jar;C:\Users\Bob\.m2\repository\org\openjfx\javafx-graphics\17.0.2\javafx-graphics-17.0.2-win.jar;C:\Users\Bob\.m2\repository\org\controlsfx\controlsfx\11.1.1\controlsfx-11.1.1.jar;C:\Users\Bob\.m2\repository\org\openjfx\javafx-controls\17.0.2\javafx-controls-17.0.2-win.jar;C:\Users\Bob\.m2\repository\org\openjfx\javafx-base\17.0.2\javafx-base-17.0.2-win.jar -Djdk.module.main=com.example.browser 
java_command: com.example.browser/com.example.browser.HelloApplication
java_class_path (initial): C:\Users\Bob\.m2\repository\org\openjfx\javafx-controls\17.0.2\javafx-controls-17.0.2.jar;C:\Users\Bob\.m2\repository\org\openjfx\javafx-graphics\17.0.2\javafx-graphics-17.0.2.jar;C:\Users\Bob\.m2\repository\org\openjfx\javafx-base\17.0.2\javafx-base-17.0.2.jar;C:\Users\Bob\.m2\repository\org\openjfx\javafx-fxml\17.0.2\javafx-fxml-17.0.2.jar;C:\Users\Bob\.m2\repository\org\openjfx\javafx-web\11.0.2\javafx-web-11.0.2.jar;C:\Users\Bob\.m2\repository\org\openjfx\javafx-media\11.0.2\javafx-media-11.0.2.jar
Launcher Type: SUN_STANDARD

[Global flags]
     intx CICompilerCount                          = 3                                         {product} {ergonomic}
     uint ConcGCThreads                            = 1                                         {product} {ergonomic}
     uint G1ConcRefinementThreads                  = 4                                         {product} {ergonomic}
   size_t G1HeapRegionSize                         = 1048576                                   {product} {ergonomic}
    uintx GCDrainStackTargetSize                   = 64                                        {product} {ergonomic}
   size_t InitialHeapSize                          = 268435456                                 {product} {ergonomic}
   size_t MarkStackSize                            = 4194304                                   {product} {ergonomic}
   size_t MaxHeapSize                              = 4265607168                                {product} {ergonomic}
   size_t MaxNewSize                               = 2558525440                                {product} {ergonomic}
   size_t MinHeapDeltaBytes                        = 1048576                                   {product} {ergonomic}
    uintx NonNMethodCodeHeapSize                   = 5830732                                {pd product} {ergonomic}
    uintx NonProfiledCodeHeapSize                  = 122913754                              {pd product} {ergonomic}
    uintx ProfiledCodeHeapSize                     = 122913754                              {pd product} {ergonomic}
    uintx ReservedCodeCacheSize                    = 251658240                              {pd product} {ergonomic}
     bool SegmentedCodeCache                       = true                                      {product} {ergonomic}
     bool UseCompressedClassPointers               = true                                 {lp64_product} {ergonomic}
     bool UseCompressedOops                        = true                                 {lp64_product} {ergonomic}
     bool UseG1GC                                  = true                                      {product} {ergonomic}
     bool UseLargePagesIndividualAllocation        = false                                  {pd product} {ergonomic}

Logging:
Log output configuration:
 #0: stdout all=warning uptime,level,tags
 #1: stderr all=off uptime,level,tags

Environment Variables:
PATH=C:\Program Files\Eclipse Adoptium\jdk-11.0.16.101-hotspot\bin;C:\WINDOWS\system32;C:\WINDOWS;C:\WINDOWS\System32\Wbem;C:\WINDOWS\System32\WindowsPowerShell\v1.0\;C:\Program Files\Intel\WiFi\bin\;C:\Program Files\Common Files\Intel\WirelessCommon\;C:\WINDOWS\System32\OpenSSH\;C:\Program Files\Git\cmd;C:\Program Files\Intel\WiFi\bin\;C:\Program Files\Common Files\Intel\WirelessCommon\;%USERPROFILE%\AppData\Local\Microsoft\WindowsApps;
USERNAME=Bob
OS=Windows_NT
PROCESSOR_IDENTIFIER=Intel64 Family 6 Model 58 Stepping 9, GenuineIntel
TMP=C:\Users\Bob\AppData\Local\Temp
TEMP=C:\Users\Bob\AppData\Local\Temp



---------------  S Y S T E M  ---------------

OS: Windows 10 , 64 bit Build 19041 (10.0.19041.1889)
OS uptime: 14 days 0:40 hours

CPU:total 4 (initial active 4) (2 cores per cpu, 2 threads per core) family 6 model 58 stepping 9 microcode 0x21, cmov, cx8, fxsr, mmx, sse, sse2, sse3, ssse3, sse4.1, sse4.2, popcnt, avx, aes, clmul, erms, ht, tsc, tscinvbit, tscinv

Memory: 4k page, system-wide physical 16271M (7829M free)
TotalPageFile size 32655M (AvailPageFile size 23084M)
current process WorkingSet (physical memory assigned to process): 257M, peak: 264M
current process commit charge ("private bytes"): 471M, peak: 478M

vm_info: OpenJDK 64-Bit Server VM (11.0.16.1+1) for windows-amd64 JRE (11.0.16.1+1), built on Aug 16 2022 02:58:04 by "" with MS VC++ 15.9 (VS2017)

END.
